;  LST file generated by mikroListExporter - v.2.0 
; Date/Time: 1/28/2017 12:11:28 PM
;----------------------------------------------

;Address Opcode 	ASM
0x0000	0x2A17      	GOTO       535
_Delay_1us:
;__Lib_Delays.c,7 :: 		void Delay_1us() {
;__Lib_Delays.c,8 :: 		Delay_us(1);
0x0003	0x0000      	NOP
0x0004	0x0000      	NOP
;__Lib_Delays.c,9 :: 		}
0x0005	0x0008      	RETURN
; end of _Delay_1us
_Delay_5500us:
;__Lib_Delays.c,31 :: 		void Delay_5500us() {
;__Lib_Delays.c,32 :: 		Delay_us(5500);
0x0006	0x300F      	MOVLW      15
0x0007	0x1283      	BCF        STATUS, 5
0x0008	0x1303      	BCF        STATUS, 6
0x0009	0x00FC      	MOVWF      R12
0x000A	0x3047      	MOVLW      71
0x000B	0x00FD      	MOVWF      R13
L_Delay_5500us5:
0x000C	0x0BFD      	DECFSZ     R13, 1
0x000D	0x280C      	GOTO       L_Delay_5500us5
0x000E	0x0BFC      	DECFSZ     R12, 1
0x000F	0x280C      	GOTO       L_Delay_5500us5
0x0010	0x0000      	NOP
0x0011	0x0000      	NOP
;__Lib_Delays.c,33 :: 		}
0x0012	0x0008      	RETURN
; end of _Delay_5500us
_Delay_50us:
;__Lib_Delays.c,19 :: 		void Delay_50us() {
;__Lib_Delays.c,20 :: 		Delay_us(50);
0x0013	0x3021      	MOVLW      33
0x0014	0x1283      	BCF        STATUS, 5
0x0015	0x1303      	BCF        STATUS, 6
0x0016	0x00FD      	MOVWF      R13
L_Delay_50us2:
0x0017	0x0BFD      	DECFSZ     R13, 1
0x0018	0x2817      	GOTO       L_Delay_50us2
;__Lib_Delays.c,21 :: 		}
0x0019	0x0008      	RETURN
; end of _Delay_50us
_Lcd_Cmd:
;__Lib_Lcd.c,18 :: 		
;__Lib_Lcd.c,20 :: 		
0x001A	0x1283      	BCF        STATUS, 5
0x001B	0x1703      	BSF        STATUS, 6
0x001C	0x1BE5      	BTFSC      FARG_Lcd_Cmd_out_char, 7
0x001D	0x2820      	GOTO       L__Lcd_Cmd21
0x001E	0x1286      	BCF        LCD_D7, BitPos(LCD_D7+0)
0x001F	0x2821      	GOTO       L__Lcd_Cmd22
L__Lcd_Cmd21:
0x0020	0x1686      	BSF        LCD_D7, BitPos(LCD_D7+0)
L__Lcd_Cmd22:
;__Lib_Lcd.c,21 :: 		
0x0021	0x1B65      	BTFSC      FARG_Lcd_Cmd_out_char, 6
0x0022	0x2825      	GOTO       L__Lcd_Cmd23
0x0023	0x1206      	BCF        LCD_D6, BitPos(LCD_D6+0)
0x0024	0x2826      	GOTO       L__Lcd_Cmd24
L__Lcd_Cmd23:
0x0025	0x1606      	BSF        LCD_D6, BitPos(LCD_D6+0)
L__Lcd_Cmd24:
;__Lib_Lcd.c,22 :: 		
0x0026	0x1AE5      	BTFSC      FARG_Lcd_Cmd_out_char, 5
0x0027	0x282A      	GOTO       L__Lcd_Cmd25
0x0028	0x1186      	BCF        LCD_D5, BitPos(LCD_D5+0)
0x0029	0x282B      	GOTO       L__Lcd_Cmd26
L__Lcd_Cmd25:
0x002A	0x1586      	BSF        LCD_D5, BitPos(LCD_D5+0)
L__Lcd_Cmd26:
;__Lib_Lcd.c,23 :: 		
0x002B	0x1A65      	BTFSC      FARG_Lcd_Cmd_out_char, 4
0x002C	0x282F      	GOTO       L__Lcd_Cmd27
0x002D	0x1106      	BCF        LCD_D4, BitPos(LCD_D4+0)
0x002E	0x2830      	GOTO       L__Lcd_Cmd28
L__Lcd_Cmd27:
0x002F	0x1506      	BSF        LCD_D4, BitPos(LCD_D4+0)
L__Lcd_Cmd28:
;__Lib_Lcd.c,25 :: 		
0x0030	0x1683      	BSF        STATUS, 5
0x0031	0x1303      	BCF        STATUS, 6
0x0032	0x1869      	BTFSC      __Lib_Lcd_cmd_status, BitPos(__Lib_Lcd_cmd_status+0)
0x0033	0x2837      	GOTO       L__Lcd_Cmd29
0x0034	0x1283      	BCF        STATUS, 5
0x0035	0x1406      	BSF        LCD_RS, BitPos(LCD_RS+0)
0x0036	0x2839      	GOTO       L__Lcd_Cmd30
L__Lcd_Cmd29:
0x0037	0x1283      	BCF        STATUS, 5
0x0038	0x1006      	BCF        LCD_RS, BitPos(LCD_RS+0)
L__Lcd_Cmd30:
;__Lib_Lcd.c,28 :: 		
0x0039	0x1486      	BSF        LCD_EN, BitPos(LCD_EN+0)
;__Lib_Lcd.c,29 :: 		
0x003A	0x2003      	CALL       _Delay_1us
;__Lib_Lcd.c,30 :: 		
0x003B	0x1086      	BCF        LCD_EN, BitPos(LCD_EN+0)
;__Lib_Lcd.c,33 :: 		
0x003C	0x1703      	BSF        STATUS, 6
0x003D	0x19E5      	BTFSC      FARG_Lcd_Cmd_out_char, 3
0x003E	0x2841      	GOTO       L__Lcd_Cmd31
0x003F	0x1286      	BCF        LCD_D7, BitPos(LCD_D7+0)
0x0040	0x2842      	GOTO       L__Lcd_Cmd32
L__Lcd_Cmd31:
0x0041	0x1686      	BSF        LCD_D7, BitPos(LCD_D7+0)
L__Lcd_Cmd32:
;__Lib_Lcd.c,34 :: 		
0x0042	0x1965      	BTFSC      FARG_Lcd_Cmd_out_char, 2
0x0043	0x2846      	GOTO       L__Lcd_Cmd33
0x0044	0x1206      	BCF        LCD_D6, BitPos(LCD_D6+0)
0x0045	0x2847      	GOTO       L__Lcd_Cmd34
L__Lcd_Cmd33:
0x0046	0x1606      	BSF        LCD_D6, BitPos(LCD_D6+0)
L__Lcd_Cmd34:
;__Lib_Lcd.c,35 :: 		
0x0047	0x18E5      	BTFSC      FARG_Lcd_Cmd_out_char, 1
0x0048	0x284B      	GOTO       L__Lcd_Cmd35
0x0049	0x1186      	BCF        LCD_D5, BitPos(LCD_D5+0)
0x004A	0x284C      	GOTO       L__Lcd_Cmd36
L__Lcd_Cmd35:
0x004B	0x1586      	BSF        LCD_D5, BitPos(LCD_D5+0)
L__Lcd_Cmd36:
;__Lib_Lcd.c,36 :: 		
0x004C	0x1865      	BTFSC      FARG_Lcd_Cmd_out_char, 0
0x004D	0x2850      	GOTO       L__Lcd_Cmd37
0x004E	0x1106      	BCF        LCD_D4, BitPos(LCD_D4+0)
0x004F	0x2851      	GOTO       L__Lcd_Cmd38
L__Lcd_Cmd37:
0x0050	0x1506      	BSF        LCD_D4, BitPos(LCD_D4+0)
L__Lcd_Cmd38:
;__Lib_Lcd.c,38 :: 		
0x0051	0x1683      	BSF        STATUS, 5
0x0052	0x1303      	BCF        STATUS, 6
0x0053	0x1869      	BTFSC      __Lib_Lcd_cmd_status, BitPos(__Lib_Lcd_cmd_status+0)
0x0054	0x2858      	GOTO       L__Lcd_Cmd39
0x0055	0x1283      	BCF        STATUS, 5
0x0056	0x1406      	BSF        LCD_RS, BitPos(LCD_RS+0)
0x0057	0x285A      	GOTO       L__Lcd_Cmd40
L__Lcd_Cmd39:
0x0058	0x1283      	BCF        STATUS, 5
0x0059	0x1006      	BCF        LCD_RS, BitPos(LCD_RS+0)
L__Lcd_Cmd40:
;__Lib_Lcd.c,40 :: 		
0x005A	0x1486      	BSF        LCD_EN, BitPos(LCD_EN+0)
;__Lib_Lcd.c,41 :: 		
0x005B	0x2003      	CALL       _Delay_1us
;__Lib_Lcd.c,42 :: 		
0x005C	0x1086      	BCF        LCD_EN, BitPos(LCD_EN+0)
;__Lib_Lcd.c,44 :: 		
0x005D	0x1683      	BSF        STATUS, 5
0x005E	0x1C69      	BTFSS      __Lib_Lcd_cmd_status, BitPos(__Lib_Lcd_cmd_status+0)
0x005F	0x2862      	GOTO       L_Lcd_Cmd0
;__Lib_Lcd.c,45 :: 		
0x0060	0x2006      	CALL       _Delay_5500us
0x0061	0x2863      	GOTO       L_Lcd_Cmd1
L_Lcd_Cmd0:
;__Lib_Lcd.c,47 :: 		
0x0062	0x2013      	CALL       _Delay_50us
L_Lcd_Cmd1:
;__Lib_Lcd.c,48 :: 		
L_end_Lcd_Cmd:
0x0063	0x0008      	RETURN
; end of _Lcd_Cmd
_Lcd_Chr_CP:
;__Lib_Lcd.c,50 :: 		
;__Lib_Lcd.c,52 :: 		
0x0064	0x1683      	BSF        STATUS, 5
0x0065	0x1303      	BCF        STATUS, 6
0x0066	0x1069      	BCF        __Lib_Lcd_cmd_status, BitPos(__Lib_Lcd_cmd_status+0)
;__Lib_Lcd.c,53 :: 		
0x0067	0x086F      	MOVF       FARG_Lcd_Chr_CP_out_char, 0
0x0068	0x1283      	BCF        STATUS, 5
0x0069	0x1703      	BSF        STATUS, 6
0x006A	0x00E5      	MOVWF      FARG_Lcd_Cmd_out_char
0x006B	0x201A      	CALL       _Lcd_Cmd
;__Lib_Lcd.c,54 :: 		
0x006C	0x1683      	BSF        STATUS, 5
0x006D	0x1469      	BSF        __Lib_Lcd_cmd_status, BitPos(__Lib_Lcd_cmd_status+0)
;__Lib_Lcd.c,55 :: 		
L_end_Lcd_Chr_CP:
0x006E	0x0008      	RETURN
; end of _Lcd_Chr_CP
_UART1_Write:
;__Lib_UART_c67.c,39 :: 		
;__Lib_UART_c67.c,40 :: 		
L_UART1_Write3:
0x006F	0x1683      	BSF        STATUS, 5
0x0070	0x1303      	BCF        STATUS, 6
0x0071	0x1898      	BTFSC      TXSTA, 1
0x0072	0x2875      	GOTO       L_UART1_Write4
;__Lib_UART_c67.c,41 :: 		
0x0073	0x0000      	NOP
0x0074	0x286F      	GOTO       L_UART1_Write3
L_UART1_Write4:
;__Lib_UART_c67.c,42 :: 		
0x0075	0x086E      	MOVF       FARG_UART1_Write_data_, 0
0x0076	0x1283      	BCF        STATUS, 5
0x0077	0x0099      	MOVWF      TXREG
;__Lib_UART_c67.c,43 :: 		
L_end_UART1_Write:
0x0078	0x0008      	RETURN
; end of _UART1_Write
_Lcd_Out:
;__Lib_Lcd.c,184 :: 		
;__Lib_Lcd.c,187 :: 		
0x0079	0x288B      	GOTO       L_Lcd_Out11
;__Lib_Lcd.c,188 :: 		
L_Lcd_Out13:
0x007A	0x3080      	MOVLW      128
0x007B	0x1283      	BCF        STATUS, 5
0x007C	0x1703      	BSF        STATUS, 6
0x007D	0x00E2      	MOVWF      FARG_Lcd_Out_row
0x007E	0x289E      	GOTO       L_Lcd_Out12
;__Lib_Lcd.c,189 :: 		
L_Lcd_Out14:
0x007F	0x30C0      	MOVLW      192
0x0080	0x00E2      	MOVWF      FARG_Lcd_Out_row
0x0081	0x289E      	GOTO       L_Lcd_Out12
;__Lib_Lcd.c,190 :: 		
L_Lcd_Out15:
0x0082	0x3094      	MOVLW      148
0x0083	0x00E2      	MOVWF      FARG_Lcd_Out_row
0x0084	0x289E      	GOTO       L_Lcd_Out12
;__Lib_Lcd.c,191 :: 		
L_Lcd_Out16:
0x0085	0x30D4      	MOVLW      212
0x0086	0x00E2      	MOVWF      FARG_Lcd_Out_row
0x0087	0x289E      	GOTO       L_Lcd_Out12
;__Lib_Lcd.c,192 :: 		
L_Lcd_Out17:
0x0088	0x3080      	MOVLW      128
0x0089	0x00E2      	MOVWF      FARG_Lcd_Out_row
;__Lib_Lcd.c,193 :: 		
0x008A	0x289E      	GOTO       L_Lcd_Out12
L_Lcd_Out11:
0x008B	0x1283      	BCF        STATUS, 5
0x008C	0x1703      	BSF        STATUS, 6
0x008D	0x0862      	MOVF       FARG_Lcd_Out_row, 0
0x008E	0x3A01      	XORLW      1
0x008F	0x1903      	BTFSC      STATUS, 2
0x0090	0x287A      	GOTO       L_Lcd_Out13
0x0091	0x0862      	MOVF       FARG_Lcd_Out_row, 0
0x0092	0x3A02      	XORLW      2
0x0093	0x1903      	BTFSC      STATUS, 2
0x0094	0x287F      	GOTO       L_Lcd_Out14
0x0095	0x0862      	MOVF       FARG_Lcd_Out_row, 0
0x0096	0x3A03      	XORLW      3
0x0097	0x1903      	BTFSC      STATUS, 2
0x0098	0x2882      	GOTO       L_Lcd_Out15
0x0099	0x0862      	MOVF       FARG_Lcd_Out_row, 0
0x009A	0x3A04      	XORLW      4
0x009B	0x1903      	BTFSC      STATUS, 2
0x009C	0x2885      	GOTO       L_Lcd_Out16
0x009D	0x2888      	GOTO       L_Lcd_Out17
L_Lcd_Out12:
;__Lib_Lcd.c,194 :: 		
0x009E	0x0363      	DECF       FARG_Lcd_Out_column, 0
0x009F	0x00F0      	MOVWF      R0
0x00A0	0x0862      	MOVF       FARG_Lcd_Out_row, 0
0x00A1	0x07F0      	ADDWF      R0, 1
0x00A2	0x0870      	MOVF       R0, 0
0x00A3	0x00E2      	MOVWF      FARG_Lcd_Out_row
;__Lib_Lcd.c,196 :: 		
0x00A4	0x0870      	MOVF       R0, 0
0x00A5	0x00E5      	MOVWF      FARG_Lcd_Cmd_out_char
0x00A6	0x201A      	CALL       _Lcd_Cmd
;__Lib_Lcd.c,197 :: 		
0x00A7	0x1683      	BSF        STATUS, 5
0x00A8	0x1069      	BCF        __Lib_Lcd_cmd_status, BitPos(__Lib_Lcd_cmd_status+0)
;__Lib_Lcd.c,198 :: 		
0x00A9	0x01EE      	CLRF       Lcd_Out_i_L0
;__Lib_Lcd.c,199 :: 		
L_Lcd_Out18:
0x00AA	0x086E      	MOVF       Lcd_Out_i_L0, 0
0x00AB	0x1283      	BCF        STATUS, 5
0x00AC	0x1703      	BSF        STATUS, 6
0x00AD	0x0764      	ADDWF      FARG_Lcd_Out_text, 0
0x00AE	0x0084      	MOVWF      FSR
0x00AF	0x0800      	MOVF       INDF, 0
0x00B0	0x1903      	BTFSC      STATUS, 2
0x00B1	0x28C0      	GOTO       L_Lcd_Out19
;__Lib_Lcd.c,200 :: 		
0x00B2	0x1683      	BSF        STATUS, 5
0x00B3	0x1303      	BCF        STATUS, 6
0x00B4	0x086E      	MOVF       Lcd_Out_i_L0, 0
0x00B5	0x1283      	BCF        STATUS, 5
0x00B6	0x1703      	BSF        STATUS, 6
0x00B7	0x0764      	ADDWF      FARG_Lcd_Out_text, 0
0x00B8	0x0084      	MOVWF      FSR
0x00B9	0x0800      	MOVF       INDF, 0
0x00BA	0x1683      	BSF        STATUS, 5
0x00BB	0x1303      	BCF        STATUS, 6
0x00BC	0x00EF      	MOVWF      FARG_Lcd_Chr_CP_out_char
0x00BD	0x2064      	CALL       _Lcd_Chr_CP
0x00BE	0x0AEE      	INCF       Lcd_Out_i_L0, 1
0x00BF	0x28AA      	GOTO       L_Lcd_Out18
L_Lcd_Out19:
0x00C0	0x1683      	BSF        STATUS, 5
0x00C1	0x1303      	BCF        STATUS, 6
;__Lib_Lcd.c,201 :: 		
0x00C2	0x1469      	BSF        __Lib_Lcd_cmd_status, BitPos(__Lib_Lcd_cmd_status+0)
;__Lib_Lcd.c,202 :: 		
L_end_Lcd_Out:
0x00C3	0x0008      	RETURN
; end of _Lcd_Out
_____DoICP:
;__Lib_System.c,6 :: 		
;__Lib_System.c,9 :: 		
0x00C4	0x1683      	BSF        STATUS, 5
0x00C5	0x1303      	BCF        STATUS, 6
0x00C6	0x0868      	MOVF       ___DoICPAddr+1, 0
0x00C7	0x008A      	MOVWF      PCLATH
;__Lib_System.c,10 :: 		
0x00C8	0x0867      	MOVF       ___DoICPAddr, 0
0x00C9	0x0082      	MOVWF      PCL
;__Lib_System.c,12 :: 		
L_end_____DoICP:
0x00CA	0x0008      	RETURN
; end of _____DoICP
_UART1_Data_Ready:
;__Lib_UART_c67.c,16 :: 		
;__Lib_UART_c67.c,17 :: 		
0x00CB	0x3000      	MOVLW      0
0x00CC	0x1283      	BCF        STATUS, 5
0x00CD	0x1303      	BCF        STATUS, 6
0x00CE	0x1A8C      	BTFSC      PIR1, 5
0x00CF	0x3001      	MOVLW      1
0x00D0	0x00F0      	MOVWF      R0
;__Lib_UART_c67.c,18 :: 		
L_end_UART1_Data_Ready:
0x00D1	0x0008      	RETURN
; end of _UART1_Data_Ready
_UART1_Write_Text:
;__Lib_UART_c67.c,47 :: 		
;__Lib_UART_c67.c,48 :: 		
0x00D2	0x1683      	BSF        STATUS, 5
0x00D3	0x1303      	BCF        STATUS, 6
0x00D4	0x01ED      	CLRF       UART1_Write_Text_counter_L0
;__Lib_UART_c67.c,50 :: 		
0x00D5	0x086B      	MOVF       FARG_UART1_Write_Text_uart_text, 0
0x00D6	0x0084      	MOVWF      FSR
0x00D7	0x0800      	MOVF       INDF, 0
0x00D8	0x00EC      	MOVWF      UART1_Write_Text_data__L0
;__Lib_UART_c67.c,51 :: 		
L_UART1_Write_Text5:
0x00D9	0x086C      	MOVF       UART1_Write_Text_data__L0, 0
0x00DA	0x3A00      	XORLW      0
0x00DB	0x1903      	BTFSC      STATUS, 2
0x00DC	0x28E8      	GOTO       L_UART1_Write_Text6
;__Lib_UART_c67.c,52 :: 		
0x00DD	0x086C      	MOVF       UART1_Write_Text_data__L0, 0
0x00DE	0x00EE      	MOVWF      FARG_UART1_Write_data_
0x00DF	0x206F      	CALL       _UART1_Write
;__Lib_UART_c67.c,53 :: 		
0x00E0	0x1683      	BSF        STATUS, 5
0x00E1	0x0AED      	INCF       UART1_Write_Text_counter_L0, 1
;__Lib_UART_c67.c,54 :: 		
0x00E2	0x086D      	MOVF       UART1_Write_Text_counter_L0, 0
0x00E3	0x076B      	ADDWF      FARG_UART1_Write_Text_uart_text, 0
0x00E4	0x0084      	MOVWF      FSR
0x00E5	0x0800      	MOVF       INDF, 0
0x00E6	0x00EC      	MOVWF      UART1_Write_Text_data__L0
;__Lib_UART_c67.c,55 :: 		
0x00E7	0x28D9      	GOTO       L_UART1_Write_Text5
L_UART1_Write_Text6:
;__Lib_UART_c67.c,56 :: 		
L_end_UART1_Write_Text:
0x00E8	0x0008      	RETURN
; end of _UART1_Write_Text
_uart_move_cursor:
;esp8266-project.c,211 :: 		void uart_move_cursor()
;esp8266-project.c,213 :: 		UART1_Write(10);
0x00E9	0x300A      	MOVLW      10
0x00EA	0x1683      	BSF        STATUS, 5
0x00EB	0x1303      	BCF        STATUS, 6
0x00EC	0x00EE      	MOVWF      FARG_UART1_Write_data_
0x00ED	0x206F      	CALL       _UART1_Write
;esp8266-project.c,214 :: 		UART1_Write(13);
0x00EE	0x300D      	MOVLW      13
0x00EF	0x1683      	BSF        STATUS, 5
0x00F0	0x00EE      	MOVWF      FARG_UART1_Write_data_
0x00F1	0x206F      	CALL       _UART1_Write
;esp8266-project.c,215 :: 		}
0x00F2	0x0008      	RETURN
; end of _uart_move_cursor
_UART1_Read:
;__Lib_UART_c67.c,21 :: 		
;__Lib_UART_c67.c,24 :: 		
0x00F3	0x1283      	BCF        STATUS, 5
0x00F4	0x1303      	BCF        STATUS, 6
0x00F5	0x081A      	MOVF       RCREG, 0
0x00F6	0x00F1      	MOVWF      R1
;__Lib_UART_c67.c,25 :: 		
0x00F7	0x1C98      	BTFSS      RCSTA, 1
0x00F8	0x28FB      	GOTO       L_UART1_Read2
;__Lib_UART_c67.c,26 :: 		
0x00F9	0x1218      	BCF        RCSTA, 4
;__Lib_UART_c67.c,27 :: 		
0x00FA	0x1618      	BSF        RCSTA, 4
;__Lib_UART_c67.c,28 :: 		
L_UART1_Read2:
;__Lib_UART_c67.c,29 :: 		
0x00FB	0x0871      	MOVF       R1, 0
0x00FC	0x00F0      	MOVWF      R0
;__Lib_UART_c67.c,30 :: 		
L_end_UART1_Read:
0x00FD	0x0008      	RETURN
; end of _UART1_Read
_lcd_clear:
;esp8266-project.c,120 :: 		void lcd_clear()
;esp8266-project.c,122 :: 		Lcd_Cmd(_LCD_CLEAR);
0x00FE	0x3001      	MOVLW      1
0x00FF	0x1283      	BCF        STATUS, 5
0x0100	0x1703      	BSF        STATUS, 6
0x0101	0x00E5      	MOVWF      FARG_Lcd_Cmd_out_char
0x0102	0x201A      	CALL       _Lcd_Cmd
;esp8266-project.c,123 :: 		}
0x0103	0x0008      	RETURN
; end of _lcd_clear
_lcd_write:
;esp8266-project.c,125 :: 		void lcd_write(unsigned char *msg, short int row, short int col)
;esp8266-project.c,127 :: 		Lcd_Out(row, col, msg);
0x0104	0x1683      	BSF        STATUS, 5
0x0105	0x1303      	BCF        STATUS, 6
0x0106	0x086C      	MOVF       FARG_lcd_write_row, 0
0x0107	0x1283      	BCF        STATUS, 5
0x0108	0x1703      	BSF        STATUS, 6
0x0109	0x00E2      	MOVWF      FARG_Lcd_Out_row
0x010A	0x1683      	BSF        STATUS, 5
0x010B	0x1303      	BCF        STATUS, 6
0x010C	0x086D      	MOVF       FARG_lcd_write_col, 0
0x010D	0x1283      	BCF        STATUS, 5
0x010E	0x1703      	BSF        STATUS, 6
0x010F	0x00E3      	MOVWF      FARG_Lcd_Out_column
0x0110	0x1683      	BSF        STATUS, 5
0x0111	0x1303      	BCF        STATUS, 6
0x0112	0x086B      	MOVF       FARG_lcd_write_msg, 0
0x0113	0x1283      	BCF        STATUS, 5
0x0114	0x1703      	BSF        STATUS, 6
0x0115	0x00E4      	MOVWF      FARG_Lcd_Out_text
0x0116	0x2079      	CALL       _Lcd_Out
;esp8266-project.c,128 :: 		}
0x0117	0x0008      	RETURN
; end of _lcd_write
_esp_set_mode:
;esp8266-project.c,153 :: 		void esp_set_mode(short int opmode)
;esp8266-project.c,155 :: 		uart_move_cursor();
0x0118	0x20E9      	CALL       _uart_move_cursor
;esp8266-project.c,156 :: 		switch(opmode)
0x0119	0x2927      	GOTO       L_esp_set_mode21
;esp8266-project.c,158 :: 		case 1:
L_esp_set_mode23:
;esp8266-project.c,159 :: 		UART1_Write_Text("AT+CWMODE=1");
0x011A	0x3020      	MOVLW      ?lstr9_esp8266_45project
0x011B	0x1683      	BSF        STATUS, 5
0x011C	0x00EB      	MOVWF      FARG_UART1_Write_Text_uart_text
0x011D	0x20D2      	CALL       _UART1_Write_Text
;esp8266-project.c,160 :: 		break;
0x011E	0x2935      	GOTO       L_esp_set_mode22
;esp8266-project.c,161 :: 		case 2:
L_esp_set_mode24:
;esp8266-project.c,162 :: 		UART1_Write_Text("AT+CWMODE=2");
0x011F	0x3056      	MOVLW      ?lstr10_esp8266_45project
0x0120	0x00EB      	MOVWF      FARG_UART1_Write_Text_uart_text
0x0121	0x20D2      	CALL       _UART1_Write_Text
;esp8266-project.c,163 :: 		break;
0x0122	0x2935      	GOTO       L_esp_set_mode22
;esp8266-project.c,164 :: 		case 3:
L_esp_set_mode25:
;esp8266-project.c,165 :: 		default:
L_esp_set_mode26:
;esp8266-project.c,166 :: 		UART1_Write_Text("AT+CWMODE=3");
0x0123	0x304A      	MOVLW      ?lstr11_esp8266_45project
0x0124	0x00EB      	MOVWF      FARG_UART1_Write_Text_uart_text
0x0125	0x20D2      	CALL       _UART1_Write_Text
;esp8266-project.c,167 :: 		break;
0x0126	0x2935      	GOTO       L_esp_set_mode22
;esp8266-project.c,168 :: 		}
L_esp_set_mode21:
0x0127	0x1683      	BSF        STATUS, 5
0x0128	0x086A      	MOVF       FARG_esp_set_mode_opmode, 0
0x0129	0x3A01      	XORLW      1
0x012A	0x1903      	BTFSC      STATUS, 2
0x012B	0x291A      	GOTO       L_esp_set_mode23
0x012C	0x086A      	MOVF       FARG_esp_set_mode_opmode, 0
0x012D	0x3A02      	XORLW      2
0x012E	0x1903      	BTFSC      STATUS, 2
0x012F	0x291F      	GOTO       L_esp_set_mode24
0x0130	0x086A      	MOVF       FARG_esp_set_mode_opmode, 0
0x0131	0x3A03      	XORLW      3
0x0132	0x1903      	BTFSC      STATUS, 2
0x0133	0x2923      	GOTO       L_esp_set_mode25
0x0134	0x2923      	GOTO       L_esp_set_mode26
L_esp_set_mode22:
;esp8266-project.c,169 :: 		uart_move_cursor();
0x0135	0x20E9      	CALL       _uart_move_cursor
;esp8266-project.c,171 :: 		while(!UART1_Data_Ready());
L_esp_set_mode27:
0x0136	0x20CB      	CALL       _UART1_Data_Ready
0x0137	0x0870      	MOVF       R0, 0
0x0138	0x1D03      	BTFSS      STATUS, 2
0x0139	0x293B      	GOTO       L_esp_set_mode28
0x013A	0x2936      	GOTO       L_esp_set_mode27
L_esp_set_mode28:
;esp8266-project.c,173 :: 		response = UART1_Read();
0x013B	0x20F3      	CALL       _UART1_Read
0x013C	0x0870      	MOVF       R0, 0
0x013D	0x1683      	BSF        STATUS, 5
0x013E	0x00E6      	MOVWF      _response
;esp8266-project.c,175 :: 		lcd_clear();
0x013F	0x20FE      	CALL       _lcd_clear
;esp8266-project.c,176 :: 		if(response == 'O')
0x0140	0x1683      	BSF        STATUS, 5
0x0141	0x0866      	MOVF       _response, 0
0x0142	0x3A4F      	XORLW      79
0x0143	0x1D03      	BTFSS      STATUS, 2
0x0144	0x294F      	GOTO       L_esp_set_mode29
;esp8266-project.c,178 :: 		lcd_write("ESP OPMODE: 3", 1, 1);
0x0145	0x303C      	MOVLW      ?lstr12_esp8266_45project
0x0146	0x00EB      	MOVWF      FARG_lcd_write_msg
0x0147	0x3001      	MOVLW      1
0x0148	0x00EC      	MOVWF      FARG_lcd_write_row
0x0149	0x3001      	MOVLW      1
0x014A	0x00ED      	MOVWF      FARG_lcd_write_col
0x014B	0x2104      	CALL       _lcd_write
;esp8266-project.c,179 :: 		opmode_set = 1;
0x014C	0x3001      	MOVLW      1
0x014D	0x00E4      	MOVWF      _opmode_set
;esp8266-project.c,180 :: 		}
0x014E	0x2957      	GOTO       L_esp_set_mode30
L_esp_set_mode29:
;esp8266-project.c,183 :: 		lcd_write("ESP OPMODE: FAIL", 1, 1);
0x014F	0x3040      	MOVLW      ?lstr13_esp8266_45project
0x0150	0x00EB      	MOVWF      FARG_lcd_write_msg
0x0151	0x3001      	MOVLW      1
0x0152	0x00EC      	MOVWF      FARG_lcd_write_row
0x0153	0x3001      	MOVLW      1
0x0154	0x00ED      	MOVWF      FARG_lcd_write_col
0x0155	0x2104      	CALL       _lcd_write
;esp8266-project.c,184 :: 		opmode_set = 0;
0x0156	0x01E4      	CLRF       _opmode_set
;esp8266-project.c,185 :: 		}
L_esp_set_mode30:
;esp8266-project.c,186 :: 		}
0x0157	0x0008      	RETURN
; end of _esp_set_mode
_esp_init:
;esp8266-project.c,130 :: 		void esp_init()
;esp8266-project.c,132 :: 		uart_move_cursor();
0x0158	0x20E9      	CALL       _uart_move_cursor
;esp8266-project.c,133 :: 		UART1_Write_Text("AT");
0x0159	0x30A0      	MOVLW      ?lstr6_esp8266_45project
0x015A	0x1683      	BSF        STATUS, 5
0x015B	0x00EB      	MOVWF      FARG_UART1_Write_Text_uart_text
0x015C	0x20D2      	CALL       _UART1_Write_Text
;esp8266-project.c,134 :: 		uart_move_cursor();
0x015D	0x20E9      	CALL       _uart_move_cursor
;esp8266-project.c,136 :: 		while(!UART1_Data_Ready());
L_esp_init17:
0x015E	0x20CB      	CALL       _UART1_Data_Ready
0x015F	0x0870      	MOVF       R0, 0
0x0160	0x1D03      	BTFSS      STATUS, 2
0x0161	0x2963      	GOTO       L_esp_init18
0x0162	0x295E      	GOTO       L_esp_init17
L_esp_init18:
;esp8266-project.c,138 :: 		response = UART1_Read();
0x0163	0x20F3      	CALL       _UART1_Read
0x0164	0x0870      	MOVF       R0, 0
0x0165	0x1683      	BSF        STATUS, 5
0x0166	0x00E6      	MOVWF      _response
;esp8266-project.c,140 :: 		lcd_clear();
0x0167	0x20FE      	CALL       _lcd_clear
;esp8266-project.c,141 :: 		if(response == 'O')
0x0168	0x1683      	BSF        STATUS, 5
0x0169	0x0866      	MOVF       _response, 0
0x016A	0x3A4F      	XORLW      79
0x016B	0x1D03      	BTFSS      STATUS, 2
0x016C	0x2978      	GOTO       L_esp_init19
;esp8266-project.c,143 :: 		lcd_write("ESP Module OK", 1, 1);
0x016D	0x3062      	MOVLW      ?lstr7_esp8266_45project
0x016E	0x00EB      	MOVWF      FARG_lcd_write_msg
0x016F	0x3001      	MOVLW      1
0x0170	0x00EC      	MOVWF      FARG_lcd_write_row
0x0171	0x3001      	MOVLW      1
0x0172	0x00ED      	MOVWF      FARG_lcd_write_col
0x0173	0x2104      	CALL       _lcd_write
;esp8266-project.c,144 :: 		esp_responding = 1;
0x0174	0x3001      	MOVLW      1
0x0175	0x1283      	BCF        STATUS, 5
0x0176	0x00BB      	MOVWF      _esp_responding
;esp8266-project.c,145 :: 		}
0x0177	0x2982      	GOTO       L_esp_init20
L_esp_init19:
;esp8266-project.c,148 :: 		lcd_write("ESP Module Bad", 1, 1);
0x0178	0x302C      	MOVLW      ?lstr8_esp8266_45project
0x0179	0x1683      	BSF        STATUS, 5
0x017A	0x00EB      	MOVWF      FARG_lcd_write_msg
0x017B	0x3001      	MOVLW      1
0x017C	0x00EC      	MOVWF      FARG_lcd_write_row
0x017D	0x3001      	MOVLW      1
0x017E	0x00ED      	MOVWF      FARG_lcd_write_col
0x017F	0x2104      	CALL       _lcd_write
;esp8266-project.c,149 :: 		esp_responding = 0;
0x0180	0x1283      	BCF        STATUS, 5
0x0181	0x01BB      	CLRF       _esp_responding
;esp8266-project.c,150 :: 		}
L_esp_init20:
;esp8266-project.c,151 :: 		}
0x0182	0x0008      	RETURN
; end of _esp_init
_Lcd_Init:
;__Lib_Lcd.c,84 :: 		
;__Lib_Lcd.c,86 :: 		
0x0183	0x1683      	BSF        STATUS, 5
0x0184	0x1303      	BCF        STATUS, 6
0x0185	0x1086      	BCF        LCD_EN_Direction, BitPos(LCD_EN_Direction+0)
;__Lib_Lcd.c,87 :: 		
0x0186	0x1006      	BCF        LCD_RS_Direction, BitPos(LCD_RS_Direction+0)
;__Lib_Lcd.c,88 :: 		
0x0187	0x1106      	BCF        LCD_D4_Direction, BitPos(LCD_D4_Direction+0)
;__Lib_Lcd.c,89 :: 		
0x0188	0x1186      	BCF        LCD_D5_Direction, BitPos(LCD_D5_Direction+0)
;__Lib_Lcd.c,90 :: 		
0x0189	0x1206      	BCF        LCD_D6_Direction, BitPos(LCD_D6_Direction+0)
;__Lib_Lcd.c,91 :: 		
0x018A	0x1286      	BCF        LCD_D7_Direction, BitPos(LCD_D7_Direction+0)
;__Lib_Lcd.c,93 :: 		
0x018B	0x1283      	BCF        STATUS, 5
0x018C	0x1086      	BCF        LCD_EN, BitPos(LCD_EN+0)
;__Lib_Lcd.c,94 :: 		
0x018D	0x1006      	BCF        LCD_RS, BitPos(LCD_RS+0)
;__Lib_Lcd.c,95 :: 		
0x018E	0x1286      	BCF        LCD_D7, BitPos(LCD_D7+0)
;__Lib_Lcd.c,96 :: 		
0x018F	0x1206      	BCF        LCD_D6, BitPos(LCD_D6+0)
;__Lib_Lcd.c,97 :: 		
0x0190	0x1186      	BCF        LCD_D5, BitPos(LCD_D5+0)
;__Lib_Lcd.c,98 :: 		
0x0191	0x1106      	BCF        LCD_D4, BitPos(LCD_D4+0)
;__Lib_Lcd.c,100 :: 		
0x0192	0x2006      	CALL       _Delay_5500us
;__Lib_Lcd.c,101 :: 		
0x0193	0x2006      	CALL       _Delay_5500us
;__Lib_Lcd.c,102 :: 		
0x0194	0x2006      	CALL       _Delay_5500us
;__Lib_Lcd.c,105 :: 		
0x0195	0x1586      	BSF        LCD_D5, BitPos(LCD_D5+0)
;__Lib_Lcd.c,106 :: 		
0x0196	0x1506      	BSF        LCD_D4, BitPos(LCD_D4+0)
;__Lib_Lcd.c,107 :: 		
0x0197	0x1486      	BSF        LCD_EN, BitPos(LCD_EN+0)
;__Lib_Lcd.c,108 :: 		
0x0198	0x2003      	CALL       _Delay_1us
;__Lib_Lcd.c,109 :: 		
0x0199	0x1086      	BCF        LCD_EN, BitPos(LCD_EN+0)
;__Lib_Lcd.c,110 :: 		
0x019A	0x2006      	CALL       _Delay_5500us
;__Lib_Lcd.c,112 :: 		
0x019B	0x1486      	BSF        LCD_EN, BitPos(LCD_EN+0)
;__Lib_Lcd.c,113 :: 		
0x019C	0x2003      	CALL       _Delay_1us
;__Lib_Lcd.c,114 :: 		
0x019D	0x1086      	BCF        LCD_EN, BitPos(LCD_EN+0)
;__Lib_Lcd.c,115 :: 		
0x019E	0x2006      	CALL       _Delay_5500us
;__Lib_Lcd.c,117 :: 		
0x019F	0x1486      	BSF        LCD_EN, BitPos(LCD_EN+0)
;__Lib_Lcd.c,118 :: 		
0x01A0	0x2003      	CALL       _Delay_1us
;__Lib_Lcd.c,119 :: 		
0x01A1	0x1086      	BCF        LCD_EN, BitPos(LCD_EN+0)
;__Lib_Lcd.c,120 :: 		
0x01A2	0x2006      	CALL       _Delay_5500us
;__Lib_Lcd.c,123 :: 		
0x01A3	0x1106      	BCF        LCD_D4, BitPos(LCD_D4+0)
;__Lib_Lcd.c,124 :: 		
0x01A4	0x1486      	BSF        LCD_EN, BitPos(LCD_EN+0)
;__Lib_Lcd.c,125 :: 		
0x01A5	0x2003      	CALL       _Delay_1us
;__Lib_Lcd.c,126 :: 		
0x01A6	0x1086      	BCF        LCD_EN, BitPos(LCD_EN+0)
;__Lib_Lcd.c,127 :: 		
0x01A7	0x2006      	CALL       _Delay_5500us
;__Lib_Lcd.c,130 :: 		
0x01A8	0x1486      	BSF        LCD_EN, BitPos(LCD_EN+0)
;__Lib_Lcd.c,131 :: 		
0x01A9	0x2003      	CALL       _Delay_1us
;__Lib_Lcd.c,132 :: 		
0x01AA	0x1086      	BCF        LCD_EN, BitPos(LCD_EN+0)
;__Lib_Lcd.c,134 :: 		
0x01AB	0x1186      	BCF        LCD_D5, BitPos(LCD_D5+0)
;__Lib_Lcd.c,135 :: 		
0x01AC	0x1686      	BSF        LCD_D7, BitPos(LCD_D7+0)
;__Lib_Lcd.c,136 :: 		
0x01AD	0x1486      	BSF        LCD_EN, BitPos(LCD_EN+0)
;__Lib_Lcd.c,137 :: 		
0x01AE	0x2003      	CALL       _Delay_1us
;__Lib_Lcd.c,138 :: 		
0x01AF	0x1086      	BCF        LCD_EN, BitPos(LCD_EN+0)
;__Lib_Lcd.c,139 :: 		
0x01B0	0x2006      	CALL       _Delay_5500us
;__Lib_Lcd.c,142 :: 		
0x01B1	0x1286      	BCF        LCD_D7, BitPos(LCD_D7+0)
;__Lib_Lcd.c,143 :: 		
0x01B2	0x1506      	BSF        LCD_D4, BitPos(LCD_D4+0)
;__Lib_Lcd.c,144 :: 		
0x01B3	0x1486      	BSF        LCD_EN, BitPos(LCD_EN+0)
;__Lib_Lcd.c,145 :: 		
0x01B4	0x2003      	CALL       _Delay_1us
;__Lib_Lcd.c,146 :: 		
0x01B5	0x1086      	BCF        LCD_EN, BitPos(LCD_EN+0)
;__Lib_Lcd.c,148 :: 		
0x01B6	0x1106      	BCF        LCD_D4, BitPos(LCD_D4+0)
;__Lib_Lcd.c,149 :: 		
0x01B7	0x1486      	BSF        LCD_EN, BitPos(LCD_EN+0)
;__Lib_Lcd.c,150 :: 		
0x01B8	0x2003      	CALL       _Delay_1us
;__Lib_Lcd.c,151 :: 		
0x01B9	0x1086      	BCF        LCD_EN, BitPos(LCD_EN+0)
;__Lib_Lcd.c,152 :: 		
0x01BA	0x2006      	CALL       _Delay_5500us
;__Lib_Lcd.c,155 :: 		
0x01BB	0x1486      	BSF        LCD_EN, BitPos(LCD_EN+0)
;__Lib_Lcd.c,156 :: 		
0x01BC	0x2003      	CALL       _Delay_1us
;__Lib_Lcd.c,157 :: 		
0x01BD	0x1086      	BCF        LCD_EN, BitPos(LCD_EN+0)
;__Lib_Lcd.c,159 :: 		
0x01BE	0x1506      	BSF        LCD_D4, BitPos(LCD_D4+0)
;__Lib_Lcd.c,160 :: 		
0x01BF	0x1486      	BSF        LCD_EN, BitPos(LCD_EN+0)
;__Lib_Lcd.c,161 :: 		
0x01C0	0x2003      	CALL       _Delay_1us
;__Lib_Lcd.c,162 :: 		
0x01C1	0x1086      	BCF        LCD_EN, BitPos(LCD_EN+0)
;__Lib_Lcd.c,163 :: 		
0x01C2	0x2006      	CALL       _Delay_5500us
;__Lib_Lcd.c,166 :: 		
0x01C3	0x1106      	BCF        LCD_D4, BitPos(LCD_D4+0)
;__Lib_Lcd.c,167 :: 		
0x01C4	0x1486      	BSF        LCD_EN, BitPos(LCD_EN+0)
;__Lib_Lcd.c,168 :: 		
0x01C5	0x2003      	CALL       _Delay_1us
;__Lib_Lcd.c,169 :: 		
0x01C6	0x1086      	BCF        LCD_EN, BitPos(LCD_EN+0)
;__Lib_Lcd.c,171 :: 		
0x01C7	0x1686      	BSF        LCD_D7, BitPos(LCD_D7+0)
;__Lib_Lcd.c,172 :: 		
0x01C8	0x1606      	BSF        LCD_D6, BitPos(LCD_D6+0)
;__Lib_Lcd.c,173 :: 		
0x01C9	0x1586      	BSF        LCD_D5, BitPos(LCD_D5+0)
;__Lib_Lcd.c,174 :: 		
0x01CA	0x1506      	BSF        LCD_D4, BitPos(LCD_D4+0)
;__Lib_Lcd.c,175 :: 		
0x01CB	0x1486      	BSF        LCD_EN, BitPos(LCD_EN+0)
;__Lib_Lcd.c,176 :: 		
0x01CC	0x2003      	CALL       _Delay_1us
;__Lib_Lcd.c,177 :: 		
0x01CD	0x1086      	BCF        LCD_EN, BitPos(LCD_EN+0)
;__Lib_Lcd.c,179 :: 		
0x01CE	0x2006      	CALL       _Delay_5500us
;__Lib_Lcd.c,181 :: 		
0x01CF	0x1683      	BSF        STATUS, 5
0x01D0	0x1469      	BSF        __Lib_Lcd_cmd_status, BitPos(__Lib_Lcd_cmd_status+0)
;__Lib_Lcd.c,182 :: 		
L_end_Lcd_Init:
0x01D1	0x0008      	RETURN
; end of _Lcd_Init
_UART1_Init:
;__Lib_UART_c67.c,2 :: 		
;__Lib_UART_c67.c,5 :: 		
0x01D2	0x1683      	BSF        STATUS, 5
0x01D3	0x1303      	BCF        STATUS, 6
0x01D4	0x1698      	BSF        TXSTA, 5
;__Lib_UART_c67.c,6 :: 		
0x01D5	0x3090      	MOVLW      144
0x01D6	0x1283      	BCF        STATUS, 5
0x01D7	0x0098      	MOVWF      RCSTA
;__Lib_UART_c67.c,7 :: 		
0x01D8	0x1683      	BSF        STATUS, 5
0x01D9	0x1787      	BSF        TRISC7_bit, BitPos(TRISC7_bit+0)
;__Lib_UART_c67.c,8 :: 		
0x01DA	0x1307      	BCF        TRISC6_bit, BitPos(TRISC6_bit+0)
;__Lib_UART_c67.c,10 :: 		
L_UART1_Init0:
0x01DB	0x1283      	BCF        STATUS, 5
0x01DC	0x1E8C      	BTFSS      PIR1, 5
0x01DD	0x29E1      	GOTO       L_UART1_Init1
;__Lib_UART_c67.c,11 :: 		
0x01DE	0x081A      	MOVF       RCREG, 0
0x01DF	0x00F0      	MOVWF      R0
0x01E0	0x29DB      	GOTO       L_UART1_Init0
L_UART1_Init1:
;__Lib_UART_c67.c,12 :: 		
L_end_UART1_Init:
0x01E1	0x0008      	RETURN
; end of _UART1_Init
_esp_wifi_connect:
;esp8266-project.c,188 :: 		void esp_wifi_connect()
;esp8266-project.c,190 :: 		uart_move_cursor();
0x01E2	0x20E9      	CALL       _uart_move_cursor
;esp8266-project.c,191 :: 		UART1_Write_Text("AT+CWJAP=MInc Mobile,oluwaseun");
0x01E3	0x3021      	MOVLW      ?lstr14_esp8266_45project
0x01E4	0x1683      	BSF        STATUS, 5
0x01E5	0x00EB      	MOVWF      FARG_UART1_Write_Text_uart_text
0x01E6	0x20D2      	CALL       _UART1_Write_Text
;esp8266-project.c,192 :: 		uart_move_cursor();
0x01E7	0x20E9      	CALL       _uart_move_cursor
;esp8266-project.c,194 :: 		while(!UART1_Data_Ready());
L_esp_wifi_connect31:
0x01E8	0x20CB      	CALL       _UART1_Data_Ready
0x01E9	0x0870      	MOVF       R0, 0
0x01EA	0x1D03      	BTFSS      STATUS, 2
0x01EB	0x29ED      	GOTO       L_esp_wifi_connect32
0x01EC	0x29E8      	GOTO       L_esp_wifi_connect31
L_esp_wifi_connect32:
;esp8266-project.c,196 :: 		response = UART1_Read();
0x01ED	0x20F3      	CALL       _UART1_Read
0x01EE	0x0870      	MOVF       R0, 0
0x01EF	0x1683      	BSF        STATUS, 5
0x01F0	0x00E6      	MOVWF      _response
;esp8266-project.c,198 :: 		lcd_clear();
0x01F1	0x20FE      	CALL       _lcd_clear
;esp8266-project.c,199 :: 		if(response == 'O')
0x01F2	0x1683      	BSF        STATUS, 5
0x01F3	0x0866      	MOVF       _response, 0
0x01F4	0x3A4F      	XORLW      79
0x01F5	0x1D03      	BTFSS      STATUS, 2
0x01F6	0x2A01      	GOTO       L_esp_wifi_connect33
;esp8266-project.c,201 :: 		lcd_write("WiFi Connect OK", 1, 1);
0x01F7	0x3090      	MOVLW      ?lstr15_esp8266_45project
0x01F8	0x00EB      	MOVWF      FARG_lcd_write_msg
0x01F9	0x3001      	MOVLW      1
0x01FA	0x00EC      	MOVWF      FARG_lcd_write_row
0x01FB	0x3001      	MOVLW      1
0x01FC	0x00ED      	MOVWF      FARG_lcd_write_col
0x01FD	0x2104      	CALL       _lcd_write
;esp8266-project.c,202 :: 		wifi_connected = 1;
0x01FE	0x3001      	MOVLW      1
0x01FF	0x00E5      	MOVWF      _wifi_connected
;esp8266-project.c,203 :: 		}
0x0200	0x2A0A      	GOTO       L_esp_wifi_connect34
L_esp_wifi_connect33:
;esp8266-project.c,206 :: 		lcd_write("WiFi Connect Bad", 1, 1);
0x0201	0x3051      	MOVLW      ?lstr16_esp8266_45project
0x0202	0x00EB      	MOVWF      FARG_lcd_write_msg
0x0203	0x3001      	MOVLW      1
0x0204	0x00EC      	MOVWF      FARG_lcd_write_row
0x0205	0x3001      	MOVLW      1
0x0206	0x00ED      	MOVWF      FARG_lcd_write_col
0x0207	0x2104      	CALL       _lcd_write
;esp8266-project.c,207 :: 		wifi_connected = 1;
0x0208	0x3001      	MOVLW      1
0x0209	0x00E5      	MOVWF      _wifi_connected
;esp8266-project.c,208 :: 		}
L_esp_wifi_connect34:
;esp8266-project.c,209 :: 		}
0x020A	0x0008      	RETURN
; end of _esp_wifi_connect
___CC2DW:
;__Lib_System.c,134 :: 		
;__Lib_System.c,137 :: 		
_CC2D_Loop1:
;__Lib_System.c,139 :: 		
0x020B	0x20C4      	CALL       _____DoICP
0x020C	0x118A      	BCF        PCLATH, 3
0x020D	0x120A      	BCF        PCLATH, 4
;__Lib_System.c,141 :: 		
0x020E	0x0080      	MOVWF      INDF
;__Lib_System.c,142 :: 		
0x020F	0x0A84      	INCF       FSR, 1
;__Lib_System.c,143 :: 		
0x0210	0x0AE7      	INCF       ___DoICPAddr, 1
;__Lib_System.c,145 :: 		
0x0211	0x1903      	BTFSC      STATUS, 2
;__Lib_System.c,146 :: 		
0x0212	0x0AE8      	INCF       ___DoICPAddr+1, 1
;__Lib_System.c,147 :: 		
0x0213	0x03F0      	DECF       R0, 1
;__Lib_System.c,149 :: 		
0x0214	0x1D03      	BTFSS      STATUS, 2
;__Lib_System.c,150 :: 		
0x0215	0x2A0B      	GOTO       _CC2D_Loop1
;__Lib_System.c,152 :: 		
L_end___CC2DW:
0x0216	0x0008      	RETURN
; end of ___CC2DW
_main:
0x0217	0x23CE      	CALL       974
;esp8266-project.c,30 :: 		void main()
;esp8266-project.c,32 :: 		ADCON1 = 0x0F;
0x0218	0x300F      	MOVLW      15
0x0219	0x1683      	BSF        STATUS, 5
0x021A	0x1303      	BCF        STATUS, 6
0x021B	0x009F      	MOVWF      ADCON1
;esp8266-project.c,33 :: 		INTCON = 0;
0x021C	0x018B      	CLRF       INTCON
;esp8266-project.c,34 :: 		UART1_Init(9600);
0x021D	0x3033      	MOVLW      51
0x021E	0x0099      	MOVWF      SPBRG
0x021F	0x1518      	BSF        TXSTA, 2
0x0220	0x21D2      	CALL       _UART1_Init
;esp8266-project.c,35 :: 		Delay_ms(2000);
0x0221	0x3015      	MOVLW      21
0x0222	0x00FB      	MOVWF      R11
0x0223	0x304B      	MOVLW      75
0x0224	0x00FC      	MOVWF      R12
0x0225	0x30BE      	MOVLW      190
0x0226	0x00FD      	MOVWF      R13
L_main0:
0x0227	0x0BFD      	DECFSZ     R13, 1
0x0228	0x2A27      	GOTO       L_main0
0x0229	0x0BFC      	DECFSZ     R12, 1
0x022A	0x2A27      	GOTO       L_main0
0x022B	0x0BFB      	DECFSZ     R11, 1
0x022C	0x2A27      	GOTO       L_main0
0x022D	0x0000      	NOP
;esp8266-project.c,37 :: 		TRISA = 0xFF;
0x022E	0x30FF      	MOVLW      255
0x022F	0x1683      	BSF        STATUS, 5
0x0230	0x0085      	MOVWF      TRISA
;esp8266-project.c,38 :: 		TRISB = 0x00;
0x0231	0x0186      	CLRF       TRISB
;esp8266-project.c,39 :: 		TRISC = 0xC0;
0x0232	0x30C0      	MOVLW      192
0x0233	0x0087      	MOVWF      TRISC
;esp8266-project.c,41 :: 		Lcd_init();
0x0234	0x2183      	CALL       _Lcd_Init
;esp8266-project.c,42 :: 		Delay_ms(1000);
0x0235	0x300B      	MOVLW      11
0x0236	0x00FB      	MOVWF      R11
0x0237	0x3026      	MOVLW      38
0x0238	0x00FC      	MOVWF      R12
0x0239	0x305D      	MOVLW      93
0x023A	0x00FD      	MOVWF      R13
L_main1:
0x023B	0x0BFD      	DECFSZ     R13, 1
0x023C	0x2A3B      	GOTO       L_main1
0x023D	0x0BFC      	DECFSZ     R12, 1
0x023E	0x2A3B      	GOTO       L_main1
0x023F	0x0BFB      	DECFSZ     R11, 1
0x0240	0x2A3B      	GOTO       L_main1
0x0241	0x0000      	NOP
0x0242	0x0000      	NOP
;esp8266-project.c,43 :: 		Lcd_Cmd(_LCD_CURSOR_OFF);
0x0243	0x300C      	MOVLW      12
0x0244	0x1283      	BCF        STATUS, 5
0x0245	0x1703      	BSF        STATUS, 6
0x0246	0x00E5      	MOVWF      FARG_Lcd_Cmd_out_char
0x0247	0x201A      	CALL       _Lcd_Cmd
;esp8266-project.c,44 :: 		lcd_clear();
0x0248	0x20FE      	CALL       _lcd_clear
;esp8266-project.c,45 :: 		lcd_write("DEVICE: MInc Dev", 1, 1);
0x0249	0x3010      	MOVLW      ?lstr1_esp8266_45project
0x024A	0x1683      	BSF        STATUS, 5
0x024B	0x00EB      	MOVWF      FARG_lcd_write_msg
0x024C	0x3001      	MOVLW      1
0x024D	0x00EC      	MOVWF      FARG_lcd_write_row
0x024E	0x3001      	MOVLW      1
0x024F	0x00ED      	MOVWF      FARG_lcd_write_col
0x0250	0x2104      	CALL       _lcd_write
;esp8266-project.c,46 :: 		Delay_ms(1000);
0x0251	0x300B      	MOVLW      11
0x0252	0x00FB      	MOVWF      R11
0x0253	0x3026      	MOVLW      38
0x0254	0x00FC      	MOVWF      R12
0x0255	0x305D      	MOVLW      93
0x0256	0x00FD      	MOVWF      R13
L_main2:
0x0257	0x0BFD      	DECFSZ     R13, 1
0x0258	0x2A57      	GOTO       L_main2
0x0259	0x0BFC      	DECFSZ     R12, 1
0x025A	0x2A57      	GOTO       L_main2
0x025B	0x0BFB      	DECFSZ     R11, 1
0x025C	0x2A57      	GOTO       L_main2
0x025D	0x0000      	NOP
0x025E	0x0000      	NOP
;esp8266-project.c,47 :: 		lcd_write("STATUS: Offline", 2, 1);
0x025F	0x30C2      	MOVLW      ?lstr2_esp8266_45project
0x0260	0x00EB      	MOVWF      FARG_lcd_write_msg
0x0261	0x3002      	MOVLW      2
0x0262	0x00EC      	MOVWF      FARG_lcd_write_row
0x0263	0x3001      	MOVLW      1
0x0264	0x00ED      	MOVWF      FARG_lcd_write_col
0x0265	0x2104      	CALL       _lcd_write
;esp8266-project.c,48 :: 		Delay_ms(2000);
0x0266	0x3015      	MOVLW      21
0x0267	0x00FB      	MOVWF      R11
0x0268	0x304B      	MOVLW      75
0x0269	0x00FC      	MOVWF      R12
0x026A	0x30BE      	MOVLW      190
0x026B	0x00FD      	MOVWF      R13
L_main3:
0x026C	0x0BFD      	DECFSZ     R13, 1
0x026D	0x2A6C      	GOTO       L_main3
0x026E	0x0BFC      	DECFSZ     R12, 1
0x026F	0x2A6C      	GOTO       L_main3
0x0270	0x0BFB      	DECFSZ     R11, 1
0x0271	0x2A6C      	GOTO       L_main3
0x0272	0x0000      	NOP
;esp8266-project.c,50 :: 		do
L_main4:
;esp8266-project.c,52 :: 		lcd_clear();
0x0273	0x20FE      	CALL       _lcd_clear
;esp8266-project.c,53 :: 		if(!esp_responding)
0x0274	0x083B      	MOVF       _esp_responding, 0
0x0275	0x1D03      	BTFSS      STATUS, 2
0x0276	0x2A8D      	GOTO       L_main7
;esp8266-project.c,58 :: 		lcd_write("Send AT Command", 1, 1);
0x0277	0x30B2      	MOVLW      ?lstr3_esp8266_45project
0x0278	0x1683      	BSF        STATUS, 5
0x0279	0x00EB      	MOVWF      FARG_lcd_write_msg
0x027A	0x3001      	MOVLW      1
0x027B	0x00EC      	MOVWF      FARG_lcd_write_row
0x027C	0x3001      	MOVLW      1
0x027D	0x00ED      	MOVWF      FARG_lcd_write_col
0x027E	0x2104      	CALL       _lcd_write
;esp8266-project.c,59 :: 		esp_init();
0x027F	0x2158      	CALL       _esp_init
;esp8266-project.c,60 :: 		Delay_ms(2000);
0x0280	0x3015      	MOVLW      21
0x0281	0x00FB      	MOVWF      R11
0x0282	0x304B      	MOVLW      75
0x0283	0x00FC      	MOVWF      R12
0x0284	0x30BE      	MOVLW      190
0x0285	0x00FD      	MOVWF      R13
L_main8:
0x0286	0x0BFD      	DECFSZ     R13, 1
0x0287	0x2A86      	GOTO       L_main8
0x0288	0x0BFC      	DECFSZ     R12, 1
0x0289	0x2A86      	GOTO       L_main8
0x028A	0x0BFB      	DECFSZ     R11, 1
0x028B	0x2A86      	GOTO       L_main8
0x028C	0x0000      	NOP
;esp8266-project.c,61 :: 		}
L_main7:
;esp8266-project.c,63 :: 		if(esp_responding)
0x028D	0x083B      	MOVF       _esp_responding, 0
0x028E	0x1903      	BTFSC      STATUS, 2
0x028F	0x2ACE      	GOTO       L_main9
;esp8266-project.c,68 :: 		lcd_clear();
0x0290	0x20FE      	CALL       _lcd_clear
;esp8266-project.c,69 :: 		if(!opmode_set)
0x0291	0x1683      	BSF        STATUS, 5
0x0292	0x0864      	MOVF       _opmode_set, 0
0x0293	0x1D03      	BTFSS      STATUS, 2
0x0294	0x2AAC      	GOTO       L_main10
;esp8266-project.c,71 :: 		lcd_write("ESP OPMODE SET", 1, 1);
0x0295	0x30A3      	MOVLW      ?lstr4_esp8266_45project
0x0296	0x00EB      	MOVWF      FARG_lcd_write_msg
0x0297	0x3001      	MOVLW      1
0x0298	0x00EC      	MOVWF      FARG_lcd_write_row
0x0299	0x3001      	MOVLW      1
0x029A	0x00ED      	MOVWF      FARG_lcd_write_col
0x029B	0x2104      	CALL       _lcd_write
;esp8266-project.c,72 :: 		esp_set_mode(3);
0x029C	0x3003      	MOVLW      3
0x029D	0x00EA      	MOVWF      FARG_esp_set_mode_opmode
0x029E	0x2118      	CALL       _esp_set_mode
;esp8266-project.c,73 :: 		Delay_ms(2000);
0x029F	0x3015      	MOVLW      21
0x02A0	0x00FB      	MOVWF      R11
0x02A1	0x304B      	MOVLW      75
0x02A2	0x00FC      	MOVWF      R12
0x02A3	0x30BE      	MOVLW      190
0x02A4	0x00FD      	MOVWF      R13
L_main11:
0x02A5	0x0BFD      	DECFSZ     R13, 1
0x02A6	0x2AA5      	GOTO       L_main11
0x02A7	0x0BFC      	DECFSZ     R12, 1
0x02A8	0x2AA5      	GOTO       L_main11
0x02A9	0x0BFB      	DECFSZ     R11, 1
0x02AA	0x2AA5      	GOTO       L_main11
0x02AB	0x0000      	NOP
;esp8266-project.c,74 :: 		}
L_main10:
;esp8266-project.c,79 :: 		lcd_clear();
0x02AC	0x20FE      	CALL       _lcd_clear
;esp8266-project.c,80 :: 		if(!wifi_connected)
0x02AD	0x1683      	BSF        STATUS, 5
0x02AE	0x0865      	MOVF       _wifi_connected, 0
0x02AF	0x1D03      	BTFSS      STATUS, 2
0x02B0	0x2AC6      	GOTO       L_main12
;esp8266-project.c,82 :: 		lcd_write("ESP WIFI CONNECT", 1, 1);
0x02B1	0x30D3      	MOVLW      ?lstr5_esp8266_45project
0x02B2	0x00EB      	MOVWF      FARG_lcd_write_msg
0x02B3	0x3001      	MOVLW      1
0x02B4	0x00EC      	MOVWF      FARG_lcd_write_row
0x02B5	0x3001      	MOVLW      1
0x02B6	0x00ED      	MOVWF      FARG_lcd_write_col
0x02B7	0x2104      	CALL       _lcd_write
;esp8266-project.c,83 :: 		esp_wifi_connect();
0x02B8	0x21E2      	CALL       _esp_wifi_connect
;esp8266-project.c,84 :: 		Delay_ms(2000);
0x02B9	0x3015      	MOVLW      21
0x02BA	0x00FB      	MOVWF      R11
0x02BB	0x304B      	MOVLW      75
0x02BC	0x00FC      	MOVWF      R12
0x02BD	0x30BE      	MOVLW      190
0x02BE	0x00FD      	MOVWF      R13
L_main13:
0x02BF	0x0BFD      	DECFSZ     R13, 1
0x02C0	0x2ABF      	GOTO       L_main13
0x02C1	0x0BFC      	DECFSZ     R12, 1
0x02C2	0x2ABF      	GOTO       L_main13
0x02C3	0x0BFB      	DECFSZ     R11, 1
0x02C4	0x2ABF      	GOTO       L_main13
0x02C5	0x0000      	NOP
;esp8266-project.c,85 :: 		}
L_main12:
;esp8266-project.c,90 :: 		if(!dev_online)
0x02C6	0x0852      	MOVF       _dev_online, 0
0x02C7	0x1D03      	BTFSS      STATUS, 2
0x02C8	0x2AC9      	GOTO       L_main14
;esp8266-project.c,94 :: 		}
L_main14:
;esp8266-project.c,99 :: 		if(PORTA.F0 == 1)
0x02C9	0x1283      	BCF        STATUS, 5
0x02CA	0x1C05      	BTFSS      PORTA, 0
0x02CB	0x2ACC      	GOTO       L_main15
;esp8266-project.c,103 :: 		}
L_main15:
;esp8266-project.c,109 :: 		if(PORTA.F3 == 1)
0x02CC	0x1D85      	BTFSS      PORTA, 3
0x02CD	0x2ACE      	GOTO       L_main16
;esp8266-project.c,113 :: 		}
L_main16:
;esp8266-project.c,114 :: 		}
L_main9:
;esp8266-project.c,116 :: 		while(1);
0x02CE	0x2A73      	GOTO       L_main4
;esp8266-project.c,118 :: 		}
0x02CF	0x2ACF      	GOTO       $+0
; end of _main
0x03CE	0x3020      	MOVLW      32
0x03CF	0x0084      	MOVWF      FSR
0x03D0	0x3050      	MOVLW      80
0x03D1	0x1283      	BCF        STATUS, 5
0x03D2	0x1303      	BCF        STATUS, 6
0x03D3	0x00F0      	MOVWF      R0
0x03D4	0x30D5      	MOVLW      213
0x03D5	0x1683      	BSF        STATUS, 5
0x03D6	0x00E7      	MOVWF      ___DoICPAddr
0x03D7	0x3002      	MOVLW      2
0x03D8	0x00E8      	MOVWF      232
0x03D9	0x220B      	CALL       523
0x03DA	0x30A0      	MOVLW      160
0x03DB	0x0084      	MOVWF      FSR
0x03DC	0x3044      	MOVLW      68
0x03DD	0x1283      	BCF        STATUS, 5
0x03DE	0x1303      	BCF        STATUS, 6
0x03DF	0x00F0      	MOVWF      R0
0x03E0	0x3025      	MOVLW      37
0x03E1	0x1683      	BSF        STATUS, 5
0x03E2	0x00E7      	MOVWF      ___DoICPAddr
0x03E3	0x3003      	MOVLW      3
0x03E4	0x00E8      	MOVWF      232
0x03E5	0x220B      	CALL       523
0x03E6	0x3010      	MOVLW      272
0x03E7	0x1783      	BSF        STATUS, 7
0x03E8	0x0084      	MOVWF      FSR
0x03E9	0x3041      	MOVLW      65
0x03EA	0x1283      	BCF        STATUS, 5
0x03EB	0x1303      	BCF        STATUS, 6
0x03EC	0x00F0      	MOVWF      R0
0x03ED	0x3069      	MOVLW      105
0x03EE	0x1683      	BSF        STATUS, 5
0x03EF	0x00E7      	MOVWF      ___DoICPAddr
0x03F0	0x3003      	MOVLW      3
0x03F1	0x00E8      	MOVWF      232
0x03F2	0x220B      	CALL       523
0x03F3	0x1383      	BCF        STATUS, 7
0x03F4	0x30E4      	MOVLW      228
0x03F5	0x0084      	MOVWF      FSR
0x03F6	0x3001      	MOVLW      1
0x03F7	0x1283      	BCF        STATUS, 5
0x03F8	0x1303      	BCF        STATUS, 6
0x03F9	0x00F0      	MOVWF      R0
0x03FA	0x30CC      	MOVLW      204
0x03FB	0x1683      	BSF        STATUS, 5
0x03FC	0x00E7      	MOVWF      ___DoICPAddr
0x03FD	0x3003      	MOVLW      3
0x03FE	0x00E8      	MOVWF      232
0x03FF	0x220B      	CALL       523
0x0400	0x3051      	MOVLW      337
0x0401	0x1783      	BSF        STATUS, 7
0x0402	0x0084      	MOVWF      FSR
0x0403	0x3011      	MOVLW      17
0x0404	0x1283      	BCF        STATUS, 5
0x0405	0x1303      	BCF        STATUS, 6
0x0406	0x00F0      	MOVWF      R0
0x0407	0x30AA      	MOVLW      170
0x0408	0x1683      	BSF        STATUS, 5
0x0409	0x00E7      	MOVWF      ___DoICPAddr
0x040A	0x3003      	MOVLW      3
0x040B	0x00E8      	MOVWF      232
0x040C	0x220B      	CALL       523
0x040D	0x1383      	BCF        STATUS, 7
0x040E	0x30E5      	MOVLW      229
0x040F	0x0084      	MOVWF      FSR
0x0410	0x3001      	MOVLW      1
0x0411	0x1283      	BCF        STATUS, 5
0x0412	0x1303      	BCF        STATUS, 6
0x0413	0x00F0      	MOVWF      R0
0x0414	0x30CB      	MOVLW      203
0x0415	0x1683      	BSF        STATUS, 5
0x0416	0x00E7      	MOVWF      ___DoICPAddr
0x0417	0x3003      	MOVLW      3
0x0418	0x00E8      	MOVWF      232
0x0419	0x220B      	CALL       523
0x041A	0x3090      	MOVLW      400
0x041B	0x1783      	BSF        STATUS, 7
0x041C	0x0084      	MOVWF      FSR
0x041D	0x3010      	MOVLW      16
0x041E	0x1283      	BCF        STATUS, 5
0x041F	0x1303      	BCF        STATUS, 6
0x0420	0x00F0      	MOVWF      R0
0x0421	0x30BB      	MOVLW      187
0x0422	0x1683      	BSF        STATUS, 5
0x0423	0x00E7      	MOVWF      ___DoICPAddr
0x0424	0x3003      	MOVLW      3
0x0425	0x00E8      	MOVWF      232
0x0426	0x220B      	CALL       523
0x0427	0x1383      	BCF        STATUS, 7
0x0428	0x0008      	RETURN
;esp8266-project.c,0 :: ?ICS?lstr9_esp8266_45project
0x02D5	0x3441 ;?ICS?lstr9_esp8266_45project+0
0x02D6	0x3454 ;?ICS?lstr9_esp8266_45project+1
0x02D7	0x342B ;?ICS?lstr9_esp8266_45project+2
0x02D8	0x3443 ;?ICS?lstr9_esp8266_45project+3
0x02D9	0x3457 ;?ICS?lstr9_esp8266_45project+4
0x02DA	0x344D ;?ICS?lstr9_esp8266_45project+5
0x02DB	0x344F ;?ICS?lstr9_esp8266_45project+6
0x02DC	0x3444 ;?ICS?lstr9_esp8266_45project+7
0x02DD	0x3445 ;?ICS?lstr9_esp8266_45project+8
0x02DE	0x343D ;?ICS?lstr9_esp8266_45project+9
0x02DF	0x3431 ;?ICS?lstr9_esp8266_45project+10
0x02E0	0x3400 ;?ICS?lstr9_esp8266_45project+11
; end of ?ICS?lstr9_esp8266_45project
;esp8266-project.c,0 :: ?ICS?lstr8_esp8266_45project
0x02E1	0x3445 ;?ICS?lstr8_esp8266_45project+0
0x02E2	0x3453 ;?ICS?lstr8_esp8266_45project+1
0x02E3	0x3450 ;?ICS?lstr8_esp8266_45project+2
0x02E4	0x3420 ;?ICS?lstr8_esp8266_45project+3
0x02E5	0x344D ;?ICS?lstr8_esp8266_45project+4
0x02E6	0x346F ;?ICS?lstr8_esp8266_45project+5
0x02E7	0x3464 ;?ICS?lstr8_esp8266_45project+6
0x02E8	0x3475 ;?ICS?lstr8_esp8266_45project+7
0x02E9	0x346C ;?ICS?lstr8_esp8266_45project+8
0x02EA	0x3465 ;?ICS?lstr8_esp8266_45project+9
0x02EB	0x3420 ;?ICS?lstr8_esp8266_45project+10
0x02EC	0x3442 ;?ICS?lstr8_esp8266_45project+11
0x02ED	0x3461 ;?ICS?lstr8_esp8266_45project+12
0x02EE	0x3464 ;?ICS?lstr8_esp8266_45project+13
0x02EF	0x3400 ;?ICS?lstr8_esp8266_45project+14
; end of ?ICS?lstr8_esp8266_45project
;esp8266-project.c,0 :: ?ICS_esp_responding
0x02F0	0x3400 ;?ICS_esp_responding+0
; end of ?ICS_esp_responding
;esp8266-project.c,0 :: ?ICS?lstr12_esp8266_45project
0x02F1	0x3445 ;?ICS?lstr12_esp8266_45project+0
0x02F2	0x3453 ;?ICS?lstr12_esp8266_45project+1
0x02F3	0x3450 ;?ICS?lstr12_esp8266_45project+2
0x02F4	0x3420 ;?ICS?lstr12_esp8266_45project+3
0x02F5	0x344F ;?ICS?lstr12_esp8266_45project+4
0x02F6	0x3450 ;?ICS?lstr12_esp8266_45project+5
0x02F7	0x344D ;?ICS?lstr12_esp8266_45project+6
0x02F8	0x344F ;?ICS?lstr12_esp8266_45project+7
0x02F9	0x3444 ;?ICS?lstr12_esp8266_45project+8
0x02FA	0x3445 ;?ICS?lstr12_esp8266_45project+9
0x02FB	0x343A ;?ICS?lstr12_esp8266_45project+10
0x02FC	0x3420 ;?ICS?lstr12_esp8266_45project+11
0x02FD	0x3433 ;?ICS?lstr12_esp8266_45project+12
0x02FE	0x3400 ;?ICS?lstr12_esp8266_45project+13
; end of ?ICS?lstr12_esp8266_45project
;esp8266-project.c,0 :: ?ICS?lstr11_esp8266_45project
0x02FF	0x3441 ;?ICS?lstr11_esp8266_45project+0
0x0300	0x3454 ;?ICS?lstr11_esp8266_45project+1
0x0301	0x342B ;?ICS?lstr11_esp8266_45project+2
0x0302	0x3443 ;?ICS?lstr11_esp8266_45project+3
0x0303	0x3457 ;?ICS?lstr11_esp8266_45project+4
0x0304	0x344D ;?ICS?lstr11_esp8266_45project+5
0x0305	0x344F ;?ICS?lstr11_esp8266_45project+6
0x0306	0x3444 ;?ICS?lstr11_esp8266_45project+7
0x0307	0x3445 ;?ICS?lstr11_esp8266_45project+8
0x0308	0x343D ;?ICS?lstr11_esp8266_45project+9
0x0309	0x3433 ;?ICS?lstr11_esp8266_45project+10
0x030A	0x3400 ;?ICS?lstr11_esp8266_45project+11
; end of ?ICS?lstr11_esp8266_45project
;esp8266-project.c,0 :: ?ICS?lstr10_esp8266_45project
0x030B	0x3441 ;?ICS?lstr10_esp8266_45project+0
0x030C	0x3454 ;?ICS?lstr10_esp8266_45project+1
0x030D	0x342B ;?ICS?lstr10_esp8266_45project+2
0x030E	0x3443 ;?ICS?lstr10_esp8266_45project+3
0x030F	0x3457 ;?ICS?lstr10_esp8266_45project+4
0x0310	0x344D ;?ICS?lstr10_esp8266_45project+5
0x0311	0x344F ;?ICS?lstr10_esp8266_45project+6
0x0312	0x3444 ;?ICS?lstr10_esp8266_45project+7
0x0313	0x3445 ;?ICS?lstr10_esp8266_45project+8
0x0314	0x343D ;?ICS?lstr10_esp8266_45project+9
0x0315	0x3432 ;?ICS?lstr10_esp8266_45project+10
0x0316	0x3400 ;?ICS?lstr10_esp8266_45project+11
; end of ?ICS?lstr10_esp8266_45project
;esp8266-project.c,0 :: ?ICS?lstr7_esp8266_45project
0x0317	0x3445 ;?ICS?lstr7_esp8266_45project+0
0x0318	0x3453 ;?ICS?lstr7_esp8266_45project+1
0x0319	0x3450 ;?ICS?lstr7_esp8266_45project+2
0x031A	0x3420 ;?ICS?lstr7_esp8266_45project+3
0x031B	0x344D ;?ICS?lstr7_esp8266_45project+4
0x031C	0x346F ;?ICS?lstr7_esp8266_45project+5
0x031D	0x3464 ;?ICS?lstr7_esp8266_45project+6
0x031E	0x3475 ;?ICS?lstr7_esp8266_45project+7
0x031F	0x346C ;?ICS?lstr7_esp8266_45project+8
0x0320	0x3465 ;?ICS?lstr7_esp8266_45project+9
0x0321	0x3420 ;?ICS?lstr7_esp8266_45project+10
0x0322	0x344F ;?ICS?lstr7_esp8266_45project+11
0x0323	0x344B ;?ICS?lstr7_esp8266_45project+12
0x0324	0x3400 ;?ICS?lstr7_esp8266_45project+13
; end of ?ICS?lstr7_esp8266_45project
;esp8266-project.c,0 :: ?ICS?lstr6_esp8266_45project
0x0325	0x3441 ;?ICS?lstr6_esp8266_45project+0
0x0326	0x3454 ;?ICS?lstr6_esp8266_45project+1
0x0327	0x3400 ;?ICS?lstr6_esp8266_45project+2
; end of ?ICS?lstr6_esp8266_45project
;esp8266-project.c,0 :: ?ICS?lstr4_esp8266_45project
0x0328	0x3445 ;?ICS?lstr4_esp8266_45project+0
0x0329	0x3453 ;?ICS?lstr4_esp8266_45project+1
0x032A	0x3450 ;?ICS?lstr4_esp8266_45project+2
0x032B	0x3420 ;?ICS?lstr4_esp8266_45project+3
0x032C	0x344F ;?ICS?lstr4_esp8266_45project+4
0x032D	0x3450 ;?ICS?lstr4_esp8266_45project+5
0x032E	0x344D ;?ICS?lstr4_esp8266_45project+6
0x032F	0x344F ;?ICS?lstr4_esp8266_45project+7
0x0330	0x3444 ;?ICS?lstr4_esp8266_45project+8
0x0331	0x3445 ;?ICS?lstr4_esp8266_45project+9
0x0332	0x3420 ;?ICS?lstr4_esp8266_45project+10
0x0333	0x3453 ;?ICS?lstr4_esp8266_45project+11
0x0334	0x3445 ;?ICS?lstr4_esp8266_45project+12
0x0335	0x3454 ;?ICS?lstr4_esp8266_45project+13
0x0336	0x3400 ;?ICS?lstr4_esp8266_45project+14
; end of ?ICS?lstr4_esp8266_45project
;esp8266-project.c,0 :: ?ICS?lstr3_esp8266_45project
0x0337	0x3453 ;?ICS?lstr3_esp8266_45project+0
0x0338	0x3465 ;?ICS?lstr3_esp8266_45project+1
0x0339	0x346E ;?ICS?lstr3_esp8266_45project+2
0x033A	0x3464 ;?ICS?lstr3_esp8266_45project+3
0x033B	0x3420 ;?ICS?lstr3_esp8266_45project+4
0x033C	0x3441 ;?ICS?lstr3_esp8266_45project+5
0x033D	0x3454 ;?ICS?lstr3_esp8266_45project+6
0x033E	0x3420 ;?ICS?lstr3_esp8266_45project+7
0x033F	0x3443 ;?ICS?lstr3_esp8266_45project+8
0x0340	0x346F ;?ICS?lstr3_esp8266_45project+9
0x0341	0x346D ;?ICS?lstr3_esp8266_45project+10
0x0342	0x346D ;?ICS?lstr3_esp8266_45project+11
0x0343	0x3461 ;?ICS?lstr3_esp8266_45project+12
0x0344	0x346E ;?ICS?lstr3_esp8266_45project+13
0x0345	0x3464 ;?ICS?lstr3_esp8266_45project+14
0x0346	0x3400 ;?ICS?lstr3_esp8266_45project+15
; end of ?ICS?lstr3_esp8266_45project
;esp8266-project.c,0 :: ?ICS?lstr2_esp8266_45project
0x0347	0x3453 ;?ICS?lstr2_esp8266_45project+0
0x0348	0x3454 ;?ICS?lstr2_esp8266_45project+1
0x0349	0x3441 ;?ICS?lstr2_esp8266_45project+2
0x034A	0x3454 ;?ICS?lstr2_esp8266_45project+3
0x034B	0x3455 ;?ICS?lstr2_esp8266_45project+4
0x034C	0x3453 ;?ICS?lstr2_esp8266_45project+5
0x034D	0x343A ;?ICS?lstr2_esp8266_45project+6
0x034E	0x3420 ;?ICS?lstr2_esp8266_45project+7
0x034F	0x344F ;?ICS?lstr2_esp8266_45project+8
0x0350	0x3466 ;?ICS?lstr2_esp8266_45project+9
0x0351	0x3466 ;?ICS?lstr2_esp8266_45project+10
0x0352	0x346C ;?ICS?lstr2_esp8266_45project+11
0x0353	0x3469 ;?ICS?lstr2_esp8266_45project+12
0x0354	0x346E ;?ICS?lstr2_esp8266_45project+13
0x0355	0x3465 ;?ICS?lstr2_esp8266_45project+14
0x0356	0x3400 ;?ICS?lstr2_esp8266_45project+15
; end of ?ICS?lstr2_esp8266_45project
;esp8266-project.c,0 :: ?ICS_dev_online
0x0357	0x3400 ;?ICS_dev_online+0
; end of ?ICS_dev_online
;esp8266-project.c,0 :: ?ICS?lstr5_esp8266_45project
0x0358	0x3445 ;?ICS?lstr5_esp8266_45project+0
0x0359	0x3453 ;?ICS?lstr5_esp8266_45project+1
0x035A	0x3450 ;?ICS?lstr5_esp8266_45project+2
0x035B	0x3420 ;?ICS?lstr5_esp8266_45project+3
0x035C	0x3457 ;?ICS?lstr5_esp8266_45project+4
0x035D	0x3449 ;?ICS?lstr5_esp8266_45project+5
0x035E	0x3446 ;?ICS?lstr5_esp8266_45project+6
0x035F	0x3449 ;?ICS?lstr5_esp8266_45project+7
0x0360	0x3420 ;?ICS?lstr5_esp8266_45project+8
0x0361	0x3443 ;?ICS?lstr5_esp8266_45project+9
0x0362	0x344F ;?ICS?lstr5_esp8266_45project+10
0x0363	0x344E ;?ICS?lstr5_esp8266_45project+11
0x0364	0x344E ;?ICS?lstr5_esp8266_45project+12
0x0365	0x3445 ;?ICS?lstr5_esp8266_45project+13
0x0366	0x3443 ;?ICS?lstr5_esp8266_45project+14
0x0367	0x3454 ;?ICS?lstr5_esp8266_45project+15
0x0368	0x3400 ;?ICS?lstr5_esp8266_45project+16
; end of ?ICS?lstr5_esp8266_45project
;esp8266-project.c,0 :: ?ICS?lstr1_esp8266_45project
0x0369	0x3444 ;?ICS?lstr1_esp8266_45project+0
0x036A	0x3445 ;?ICS?lstr1_esp8266_45project+1
0x036B	0x3456 ;?ICS?lstr1_esp8266_45project+2
0x036C	0x3449 ;?ICS?lstr1_esp8266_45project+3
0x036D	0x3443 ;?ICS?lstr1_esp8266_45project+4
0x036E	0x3445 ;?ICS?lstr1_esp8266_45project+5
0x036F	0x343A ;?ICS?lstr1_esp8266_45project+6
0x0370	0x3420 ;?ICS?lstr1_esp8266_45project+7
0x0371	0x344D ;?ICS?lstr1_esp8266_45project+8
0x0372	0x3449 ;?ICS?lstr1_esp8266_45project+9
0x0373	0x346E ;?ICS?lstr1_esp8266_45project+10
0x0374	0x3463 ;?ICS?lstr1_esp8266_45project+11
0x0375	0x3420 ;?ICS?lstr1_esp8266_45project+12
0x0376	0x3444 ;?ICS?lstr1_esp8266_45project+13
0x0377	0x3465 ;?ICS?lstr1_esp8266_45project+14
0x0378	0x3476 ;?ICS?lstr1_esp8266_45project+15
0x0379	0x3400 ;?ICS?lstr1_esp8266_45project+16
; end of ?ICS?lstr1_esp8266_45project
;esp8266-project.c,0 :: ?ICS?lstr14_esp8266_45project
0x037A	0x3441 ;?ICS?lstr14_esp8266_45project+0
0x037B	0x3454 ;?ICS?lstr14_esp8266_45project+1
0x037C	0x342B ;?ICS?lstr14_esp8266_45project+2
0x037D	0x3443 ;?ICS?lstr14_esp8266_45project+3
0x037E	0x3457 ;?ICS?lstr14_esp8266_45project+4
0x037F	0x344A ;?ICS?lstr14_esp8266_45project+5
0x0380	0x3441 ;?ICS?lstr14_esp8266_45project+6
0x0381	0x3450 ;?ICS?lstr14_esp8266_45project+7
0x0382	0x343D ;?ICS?lstr14_esp8266_45project+8
0x0383	0x344D ;?ICS?lstr14_esp8266_45project+9
0x0384	0x3449 ;?ICS?lstr14_esp8266_45project+10
0x0385	0x346E ;?ICS?lstr14_esp8266_45project+11
0x0386	0x3463 ;?ICS?lstr14_esp8266_45project+12
0x0387	0x3420 ;?ICS?lstr14_esp8266_45project+13
0x0388	0x344D ;?ICS?lstr14_esp8266_45project+14
0x0389	0x346F ;?ICS?lstr14_esp8266_45project+15
0x038A	0x3462 ;?ICS?lstr14_esp8266_45project+16
0x038B	0x3469 ;?ICS?lstr14_esp8266_45project+17
0x038C	0x346C ;?ICS?lstr14_esp8266_45project+18
0x038D	0x3465 ;?ICS?lstr14_esp8266_45project+19
0x038E	0x342C ;?ICS?lstr14_esp8266_45project+20
0x038F	0x346F ;?ICS?lstr14_esp8266_45project+21
0x0390	0x346C ;?ICS?lstr14_esp8266_45project+22
0x0391	0x3475 ;?ICS?lstr14_esp8266_45project+23
0x0392	0x3477 ;?ICS?lstr14_esp8266_45project+24
0x0393	0x3461 ;?ICS?lstr14_esp8266_45project+25
0x0394	0x3473 ;?ICS?lstr14_esp8266_45project+26
0x0395	0x3465 ;?ICS?lstr14_esp8266_45project+27
0x0396	0x3475 ;?ICS?lstr14_esp8266_45project+28
0x0397	0x346E ;?ICS?lstr14_esp8266_45project+29
0x0398	0x3400 ;?ICS?lstr14_esp8266_45project+30
; end of ?ICS?lstr14_esp8266_45project
;esp8266-project.c,0 :: ?ICS?lstr13_esp8266_45project
0x0399	0x3445 ;?ICS?lstr13_esp8266_45project+0
0x039A	0x3453 ;?ICS?lstr13_esp8266_45project+1
0x039B	0x3450 ;?ICS?lstr13_esp8266_45project+2
0x039C	0x3420 ;?ICS?lstr13_esp8266_45project+3
0x039D	0x344F ;?ICS?lstr13_esp8266_45project+4
0x039E	0x3450 ;?ICS?lstr13_esp8266_45project+5
0x039F	0x344D ;?ICS?lstr13_esp8266_45project+6
0x03A0	0x344F ;?ICS?lstr13_esp8266_45project+7
0x03A1	0x3444 ;?ICS?lstr13_esp8266_45project+8
0x03A2	0x3445 ;?ICS?lstr13_esp8266_45project+9
0x03A3	0x343A ;?ICS?lstr13_esp8266_45project+10
0x03A4	0x3420 ;?ICS?lstr13_esp8266_45project+11
0x03A5	0x3446 ;?ICS?lstr13_esp8266_45project+12
0x03A6	0x3441 ;?ICS?lstr13_esp8266_45project+13
0x03A7	0x3449 ;?ICS?lstr13_esp8266_45project+14
0x03A8	0x344C ;?ICS?lstr13_esp8266_45project+15
0x03A9	0x3400 ;?ICS?lstr13_esp8266_45project+16
; end of ?ICS?lstr13_esp8266_45project
;esp8266-project.c,0 :: ?ICS?lstr16_esp8266_45project
0x03AA	0x3457 ;?ICS?lstr16_esp8266_45project+0
0x03AB	0x3469 ;?ICS?lstr16_esp8266_45project+1
0x03AC	0x3446 ;?ICS?lstr16_esp8266_45project+2
0x03AD	0x3469 ;?ICS?lstr16_esp8266_45project+3
0x03AE	0x3420 ;?ICS?lstr16_esp8266_45project+4
0x03AF	0x3443 ;?ICS?lstr16_esp8266_45project+5
0x03B0	0x346F ;?ICS?lstr16_esp8266_45project+6
0x03B1	0x346E ;?ICS?lstr16_esp8266_45project+7
0x03B2	0x346E ;?ICS?lstr16_esp8266_45project+8
0x03B3	0x3465 ;?ICS?lstr16_esp8266_45project+9
0x03B4	0x3463 ;?ICS?lstr16_esp8266_45project+10
0x03B5	0x3474 ;?ICS?lstr16_esp8266_45project+11
0x03B6	0x3420 ;?ICS?lstr16_esp8266_45project+12
0x03B7	0x3442 ;?ICS?lstr16_esp8266_45project+13
0x03B8	0x3461 ;?ICS?lstr16_esp8266_45project+14
0x03B9	0x3464 ;?ICS?lstr16_esp8266_45project+15
0x03BA	0x3400 ;?ICS?lstr16_esp8266_45project+16
; end of ?ICS?lstr16_esp8266_45project
;esp8266-project.c,0 :: ?ICS?lstr15_esp8266_45project
0x03BB	0x3457 ;?ICS?lstr15_esp8266_45project+0
0x03BC	0x3469 ;?ICS?lstr15_esp8266_45project+1
0x03BD	0x3446 ;?ICS?lstr15_esp8266_45project+2
0x03BE	0x3469 ;?ICS?lstr15_esp8266_45project+3
0x03BF	0x3420 ;?ICS?lstr15_esp8266_45project+4
0x03C0	0x3443 ;?ICS?lstr15_esp8266_45project+5
0x03C1	0x346F ;?ICS?lstr15_esp8266_45project+6
0x03C2	0x346E ;?ICS?lstr15_esp8266_45project+7
0x03C3	0x346E ;?ICS?lstr15_esp8266_45project+8
0x03C4	0x3465 ;?ICS?lstr15_esp8266_45project+9
0x03C5	0x3463 ;?ICS?lstr15_esp8266_45project+10
0x03C6	0x3474 ;?ICS?lstr15_esp8266_45project+11
0x03C7	0x3420 ;?ICS?lstr15_esp8266_45project+12
0x03C8	0x344F ;?ICS?lstr15_esp8266_45project+13
0x03C9	0x344B ;?ICS?lstr15_esp8266_45project+14
0x03CA	0x3400 ;?ICS?lstr15_esp8266_45project+15
; end of ?ICS?lstr15_esp8266_45project
;esp8266-project.c,0 :: ?ICS_wifi_connected
0x03CB	0x3400 ;?ICS_wifi_connected+0
; end of ?ICS_wifi_connected
;esp8266-project.c,0 :: ?ICS_opmode_set
0x03CC	0x3400 ;?ICS_opmode_set+0
; end of ?ICS_opmode_set
Symbol List:
//** Routines locations **
//ADDRESS    SIZE    PROCEDURE
//----------------------------------------------
0x0003       [3]    _Delay_1us
0x0006      [13]    _Delay_5500us
0x0013       [7]    _Delay_50us
0x001A      [74]    _Lcd_Cmd
0x0064      [11]    _Lcd_Chr_CP
0x006F      [10]    _UART1_Write
0x0079      [75]    _Lcd_Out
0x00C4       [7]    _____DoICP
0x00CB       [7]    _UART1_Data_Ready
0x00D2      [23]    _UART1_Write_Text
0x00E9      [10]    _uart_move_cursor
0x00F3      [11]    _UART1_Read
0x00FE       [6]    _lcd_clear
0x0104      [20]    _lcd_write
0x0118      [64]    _esp_set_mode
0x0158      [43]    _esp_init
0x0183      [79]    _Lcd_Init
0x01D2      [16]    _UART1_Init
0x01E2      [41]    _esp_wifi_connect
0x020B      [12]    ___CC2DW
0x0217     [184]    _main
//** Variables locations ** 
//ADDRESS    SIZE    VARIABLE
//----------------------------------------------
0x0000       [1]    INDF
0x0001       [1]    TMR0
0x0002       [1]    PCL
0x0003       [0]    RP0_bit
0x0003       [0]    RP1_bit
0x0003       [0]    NOT_TO_bit
0x0003       [0]    IRP_bit
0x0003       [0]    DC_bit
0x0003       [0]    Z_bit
0x0003       [1]    STATUS
0x0003       [0]    NOT_PD_bit
0x0003       [0]    C_bit
0x0004       [1]    FSR
0x0004       [1]    FSRPTR
0x0005       [0]    RA1_bit
0x0005       [0]    RA3_bit
0x0005       [0]    RA2_bit
0x0005       [1]    PORTA
0x0005       [0]    RA5_bit
0x0005       [0]    RA4_bit
0x0005       [0]    RA0_bit
0x0006       [0]    LCD_EN
0x0006       [0]    RB5_bit
0x0006       [0]    LCD_RS
0x0006       [1]    PORTB
0x0006       [0]    LCD_D4
0x0006       [0]    LCD_D7
0x0006       [0]    RB4_bit
0x0006       [0]    RB1_bit
0x0006       [0]    RB7_bit
0x0006       [0]    RB6_bit
0x0006       [0]    RB2_bit
0x0006       [0]    RB3_bit
0x0006       [0]    LCD_D5
0x0006       [0]    RB0_bit
0x0006       [0]    LCD_D6
0x0007       [0]    RC0_bit
0x0007       [0]    RC3_bit
0x0007       [1]    PORTC
0x0007       [0]    RC5_bit
0x0007       [0]    RC4_bit
0x0007       [0]    RC1_bit
0x0007       [0]    RC7_bit
0x0007       [0]    RC2_bit
0x0007       [0]    RC6_bit
0x0008       [0]    RD3_bit
0x0008       [0]    RD0_bit
0x0008       [0]    RD1_bit
0x0008       [0]    RD2_bit
0x0008       [0]    RD4_bit
0x0008       [0]    RD6_bit
0x0008       [0]    RD7_bit
0x0008       [1]    PORTD
0x0008       [0]    RD5_bit
0x0009       [1]    PORTE
0x0009       [0]    RE2_bit
0x0009       [0]    RE0_bit
0x0009       [0]    RE1_bit
0x000A       [1]    PCLATH
0x000B       [1]    INTCON
0x000B       [0]    INTE_bit
0x000B       [0]    GIE_bit
0x000B       [0]    RBIE_bit
0x000B       [0]    PEIE_bit
0x000B       [0]    T0IE_bit
0x000B       [0]    T0IF_bit
0x000B       [0]    TMR0IE_bit
0x000B       [0]    INTF_bit
0x000B       [0]    TMR0IF_bit
0x000B       [0]    RBIF_bit
0x000C       [0]    RCIF_bit
0x000C       [0]    PSPIF_bit
0x000C       [0]    ADIF_bit
0x000C       [0]    TMR2IF_bit
0x000C       [1]    PIR1
0x000C       [0]    CCP1IF_bit
0x000C       [0]    TXIF_bit
0x000C       [0]    SSPIF_bit
0x000C       [0]    TMR1IF_bit
0x000D       [0]    CCP2IF_bit
0x000D       [0]    BCLIF_bit
0x000D       [1]    PIR2
0x000D       [0]    EEIF_bit
0x000D       [0]    CMIF_bit
0x000E       [1]    TMR1L
0x000F       [1]    TMR1H
0x0010       [0]    T1SYNC_bit
0x0010       [1]    T1CON
0x0010       [0]    T1OSCEN_bit
0x0010       [0]    NOT_T1SYNC_bit
0x0010       [0]    TMR1CS_bit
0x0010       [0]    TMR1ON_bit
0x0010       [0]    T1CKPS0_bit
0x0010       [0]    T1CKPS1_bit
0x0010       [0]    T1INSYNC_bit
0x0011       [1]    TMR2
0x0012       [0]    TOUTPS2_bit
0x0012       [0]    TOUTPS1_bit
0x0012       [0]    T2CKPS1_bit
0x0012       [0]    TMR2ON_bit
0x0012       [0]    T2CKPS0_bit
0x0012       [0]    TOUTPS0_bit
0x0012       [1]    T2CON
0x0012       [0]    TOUTPS3_bit
0x0013       [1]    SSPBUF
0x0014       [1]    SSPCON
0x0014       [0]    SSPEN_bit
0x0014       [0]    SSPM0_bit
0x0014       [0]    SSPOV_bit
0x0014       [0]    WCOL_bit
0x0014       [0]    SSPM1_bit
0x0014       [0]    CKP_bit
0x0014       [0]    SSPM3_bit
0x0014       [0]    SSPM2_bit
0x0015       [2]    CCPR1
0x0015       [1]    CCPR1L
0x0016       [1]    CCPR1H
0x0017       [0]    CCP1M1_bit
0x0017       [0]    CCP1M2_bit
0x0017       [0]    CCP1Y_bit
0x0017       [0]    CCP1X_bit
0x0017       [0]    CCP1M0_bit
0x0017       [1]    CCP1CON
0x0017       [0]    CCP1M3_bit
0x0018       [0]    RX9D_bit
0x0018       [0]    SPEN_bit
0x0018       [0]    RX9_bit
0x0018       [0]    RCD8_bit
0x0018       [0]    FERR_bit
0x0018       [0]    CREN_bit
0x0018       [0]    ADDEN_bit
0x0018       [0]    SREN_bit
0x0018       [0]    NOT_RC8_bit
0x0018       [0]    OERR_bit
0x0018       [0]    RC8_9_bit
0x0018       [0]    RC9_bit
0x0018       [1]    RCSTA
0x0019       [1]    TXREG
0x001A       [1]    RCREG
0x001B       [2]    CCPR2
0x001B       [1]    CCPR2L
0x001C       [1]    CCPR2H
0x001D       [0]    CCP2M0_bit
0x001D       [0]    CCP2M2_bit
0x001D       [0]    CCP2X_bit
0x001D       [0]    CCP2Y_bit
0x001D       [0]    CCP2M1_bit
0x001D       [0]    CCP2M3_bit
0x001D       [1]    CCP2CON
0x001E       [1]    ADRESH
0x001F       [0]    CHS2_bit
0x001F       [0]    CHS1_bit
0x001F       [0]    GO_NOT_DONE_bit
0x001F       [0]    ADON_bit
0x001F       [0]    CHS0_bit
0x001F       [0]    GO_bit
0x001F       [0]    ADCS0_bit
0x001F       [0]    GO_DONE_bit
0x001F       [0]    NOT_DONE_bit
0x001F       [1]    ADCON0
0x001F       [0]    ADCS1_bit
0x0020      [12]    ?lstr9_esp8266_45project
0x002C      [15]    ?lstr8_esp8266_45project
0x003B       [1]    _esp_responding
0x003C      [14]    ?lstr12_esp8266_45project
0x004A      [12]    ?lstr11_esp8266_45project
0x0056      [12]    ?lstr10_esp8266_45project
0x0062      [14]    ?lstr7_esp8266_45project
0x0070       [1]    R0
0x0071       [1]    R1
0x0072       [1]    R2
0x0073       [1]    R3
0x0074       [1]    R4
0x0075       [1]    R5
0x0076       [1]    R6
0x0077       [1]    R7
0x0078       [1]    R8
0x0079       [1]    R9
0x007A       [1]    R10
0x007B       [1]    R11
0x007C       [1]    R12
0x007D       [1]    R13
0x007E       [1]    R14
0x007F       [1]    R15
0x0081       [0]    PS1_bit
0x0081       [0]    PS2_bit
0x0081       [1]    OPTION_REG
0x0081       [0]    T0CS_bit
0x0081       [0]    T0SE_bit
0x0081       [0]    PSA_bit
0x0081       [0]    PS0_bit
0x0081       [0]    NOT_RBPU_bit
0x0081       [0]    INTEDG_bit
0x0085       [1]    TRISA
0x0085       [0]    TRISA0_bit
0x0085       [0]    TRISA3_bit
0x0085       [0]    TRISA4_bit
0x0085       [0]    TRISA5_bit
0x0085       [0]    TRISA1_bit
0x0085       [0]    TRISA2_bit
0x0086       [1]    TRISB
0x0086       [0]    TRISB4_bit
0x0086       [0]    TRISB5_bit
0x0086       [0]    TRISB6_bit
0x0086       [0]    TRISB3_bit
0x0086       [0]    TRISB0_bit
0x0086       [0]    TRISB1_bit
0x0086       [0]    TRISB2_bit
0x0086       [0]    LCD_D5_Direction
0x0086       [0]    LCD_D6_Direction
0x0086       [0]    LCD_D7_Direction
0x0086       [0]    LCD_D4_Direction
0x0086       [0]    TRISB7_bit
0x0086       [0]    LCD_RS_Direction
0x0086       [0]    LCD_EN_Direction
0x0087       [0]    TRISC7_bit
0x0087       [0]    TRISC1_bit
0x0087       [0]    TRISC2_bit
0x0087       [1]    TRISC
0x0087       [0]    TRISC0_bit
0x0087       [0]    TRISC5_bit
0x0087       [0]    TRISC6_bit
0x0087       [0]    TRISC3_bit
0x0087       [0]    TRISC4_bit
0x0088       [0]    TRISD5_bit
0x0088       [0]    TRISD4_bit
0x0088       [0]    TRISD7_bit
0x0088       [0]    TRISD6_bit
0x0088       [0]    TRISD3_bit
0x0088       [0]    TRISD0_bit
0x0088       [1]    TRISD
0x0088       [0]    TRISD2_bit
0x0088       [0]    TRISD1_bit
0x0089       [1]    TRISE
0x0089       [0]    PSPMODE_TRISE_bit
0x0089       [0]    TRISE2_bit
0x0089       [0]    IBF_TRISE_bit
0x0089       [0]    OBF_TRISE_bit
0x0089       [0]    IBOV_TRISE_bit
0x0089       [0]    OBF_bit
0x0089       [0]    IBOV_bit
0x0089       [0]    PSPMODE_bit
0x0089       [0]    TRISE1_bit
0x0089       [0]    TRISE0_bit
0x0089       [0]    IBF_bit
0x008C       [0]    PSPIE_bit
0x008C       [0]    CCP1IE_bit
0x008C       [0]    TMR1IE_bit
0x008C       [0]    TMR2IE_bit
0x008C       [0]    TXIE_bit
0x008C       [0]    SSPIE_bit
0x008C       [0]    ADIE_bit
0x008C       [0]    RCIE_bit
0x008C       [1]    PIE1
0x008D       [0]    BCLIE_bit
0x008D       [0]    EEIE_bit
0x008D       [1]    PIE2
0x008D       [0]    CCP2IE_bit
0x008D       [0]    CMIE_bit
0x008E       [0]    NOT_BOR_bit
0x008E       [0]    NOT_POR_bit
0x008E       [0]    NOT_BO_bit
0x008E       [1]    PCON
0x0091       [0]    ACKSTAT_bit
0x0091       [0]    GCEN_bit
0x0091       [0]    RSEN_bit
0x0091       [0]    SEN_bit
0x0091       [0]    RCEN_bit
0x0091       [0]    PEN_bit
0x0091       [0]    ACKEN_bit
0x0091       [1]    SSPCON2
0x0091       [0]    ACKDT_bit
0x0092       [1]    PR2
0x0093       [1]    SSPADD
0x0094       [0]    R_bit
0x0094       [0]    D_bit
0x0094       [0]    I2C_READ_bit
0x0094       [0]    D_NOT_A_bit
0x0094       [1]    SSPSTAT
0x0094       [0]    SMP_bit
0x0094       [0]    CKE_bit
0x0094       [0]    I2C_START__bit
0x0094       [0]    R_NOT_W_bit
0x0094       [0]    S_bit
0x0094       [0]    UA_bit
0x0094       [0]    NOT_WRITE_bit
0x0094       [0]    BF_bit
0x0094       [0]    I2C_DATA_bit
0x0094       [0]    I2C_STOP__bit
0x0094       [0]    NOT_W_bit
0x0094       [0]    P_bit
0x0094       [0]    NOT_A_bit
0x0094       [0]    READ_WRITE_bit
0x0094       [0]    DATA_ADDRESS_bit
0x0094       [0]    D_A_bit
0x0094       [0]    NOT_ADDRESS_bit
0x0094       [0]    R_W_bit
0x0098       [0]    CSRC_bit
0x0098       [0]    TX9_bit
0x0098       [0]    TXEN_bit
0x0098       [0]    TX8_9_bit
0x0098       [0]    NOT_TX8_bit
0x0098       [0]    TXD8_bit
0x0098       [0]    SYNC_bit
0x0098       [0]    TRMT_bit
0x0098       [1]    TXSTA
0x0098       [0]    BRGH_bit
0x0098       [0]    TX9D_bit
0x0099       [1]    SPBRG
0x009C       [0]    CM0_bit
0x009C       [0]    C2OUT_bit
0x009C       [0]    CM2_bit
0x009C       [0]    CM1_bit
0x009C       [0]    C1OUT_bit
0x009C       [0]    CIS_bit
0x009C       [1]    CMCON
0x009C       [0]    C2INV_bit
0x009C       [0]    C1INV_bit
0x009D       [0]    CVR2_bit
0x009D       [0]    CVR1_bit
0x009D       [1]    CVRCON
0x009D       [0]    CVR3_bit
0x009D       [0]    CVROE_bit
0x009D       [0]    CVRR_bit
0x009D       [0]    CVR0_bit
0x009D       [0]    CVREN_bit
0x009E       [1]    ADRESL
0x009F       [0]    PCFG3_bit
0x009F       [1]    ADCON1
0x009F       [0]    PCFG2_bit
0x009F       [0]    ADFM_bit
0x009F       [0]    PCFG0_bit
0x009F       [0]    PCFG1_bit
0x009F       [0]    ADCS2_bit
0x00A0       [3]    ?lstr6_esp8266_45project
0x00A3      [15]    ?lstr4_esp8266_45project
0x00B2      [16]    ?lstr3_esp8266_45project
0x00C2      [16]    ?lstr2_esp8266_45project
0x00D2       [1]    _dev_online
0x00D3      [17]    ?lstr5_esp8266_45project
0x00E4       [1]    _opmode_set
0x00E5       [1]    _wifi_connected
0x00E6       [1]    _response
0x00E7       [2]    ___DoICPAddr
0x00E9       [0]    __Lib_Lcd_cmd_status
0x00EA       [1]    FARG_esp_set_mode_opmode
0x00EB       [1]    FARG_UART1_Write_Text_uart_text
0x00EB       [1]    FARG_lcd_write_msg
0x00EC       [1]    FARG_lcd_write_row
0x00EC       [1]    UART1_Write_Text_data__L0
0x00ED       [1]    UART1_Write_Text_counter_L0
0x00ED       [1]    FARG_lcd_write_col
0x00EE       [1]    FARG_UART1_Write_data_
0x00EE       [1]    Lcd_Out_i_L0
0x00EF       [1]    FARG_Lcd_Chr_CP_out_char
0x010C       [1]    EEDATA
0x010D       [1]    EEADR
0x010E       [1]    EEDATH
0x010F       [1]    EEADRH
0x0110      [17]    ?lstr1_esp8266_45project
0x0121      [31]    ?lstr14_esp8266_45project
0x0140      [17]    ?lstr13_esp8266_45project
0x0151      [17]    ?lstr16_esp8266_45project
0x0162       [1]    FARG_Lcd_Out_row
0x0163       [1]    FARG_Lcd_Out_column
0x0164       [1]    FARG_Lcd_Out_text
0x0165       [1]    FARG_Lcd_Cmd_out_char
0x018C       [0]    WREN_bit
0x018C       [0]    WRERR_bit
0x018C       [1]    EECON1
0x018C       [0]    WR_bit
0x018C       [0]    RD_bit
0x018C       [0]    EEPGD_bit
0x018D       [1]    EECON2
0x0190      [16]    ?lstr15_esp8266_45project
//** Constants locations ** 
//ADDRESS    SIZE    CONSTANT
//----------------------------------------------
0x02D5      [12]    ?ICS?lstr9_esp8266_45project
0x02E1      [15]    ?ICS?lstr8_esp8266_45project
0x02F0       [1]    ?ICS_esp_responding
0x02F1      [14]    ?ICS?lstr12_esp8266_45project
0x02FF      [12]    ?ICS?lstr11_esp8266_45project
0x030B      [12]    ?ICS?lstr10_esp8266_45project
0x0317      [14]    ?ICS?lstr7_esp8266_45project
0x0325       [3]    ?ICS?lstr6_esp8266_45project
0x0328      [15]    ?ICS?lstr4_esp8266_45project
0x0337      [16]    ?ICS?lstr3_esp8266_45project
0x0347      [16]    ?ICS?lstr2_esp8266_45project
0x0357       [1]    ?ICS_dev_online
0x0358      [17]    ?ICS?lstr5_esp8266_45project
0x0369      [17]    ?ICS?lstr1_esp8266_45project
0x037A      [31]    ?ICS?lstr14_esp8266_45project
0x0399      [17]    ?ICS?lstr13_esp8266_45project
0x03AA      [17]    ?ICS?lstr16_esp8266_45project
0x03BB      [16]    ?ICS?lstr15_esp8266_45project
0x03CB       [1]    ?ICS_wifi_connected
0x03CC       [1]    ?ICS_opmode_set
//** Label List: ** 
//----------------------------------------------
  L_main0
  L_main1
  L_main2
  L_main3
  L_main4
  L_main5
  L_main6
  L_main7
  L_main8
  L_main9
  L_main10
  L_main11
  L_main12
  L_main13
  L_main14
  L_main15
  L_main16
  L_esp_init17
  L_esp_init18
  L_esp_init19
  L_esp_init20
  L_esp_set_mode21
  L_esp_set_mode22
  L_esp_set_mode23
  L_esp_set_mode24
  L_esp_set_mode25
  L_esp_set_mode26
  L_esp_set_mode27
  L_esp_set_mode28
  L_esp_set_mode29
  L_esp_set_mode30
  L_esp_wifi_connect31
  L_esp_wifi_connect32
  L_esp_wifi_connect33
  L_esp_wifi_connect34
  _main
  _lcd_clear
  _lcd_write
  _esp_init
  _esp_set_mode
  _esp_wifi_connect
  _uart_move_cursor
  L_Delay_10us0
  L_Delay_22us1
  L_Delay_50us2
  L_Delay_80us3
  L_Delay_500us4
  L_Delay_5500us5
  L_Delay_1ms6
  L_Delay_5ms7
  L_Delay_8ms8
  L_Delay_10ms9
  L_Delay_100ms10
  L_Delay_1sec11
  L_boot16_Delay_5ms12
  L_Delay_Cyc13
  L_Delay_Cyc14
  L_VDelay_ms15
  L_VDelay_ms16
  L_VDelay_ms17
  L_VDelay_Advanced_ms18
  L_VDelay_Advanced_ms19
  L_VDelay_Advanced_ms20
  _Get_Fosc_kHz
  _Delay_1us
  _Delay_10us
  _Delay_22us
  _Delay_50us
  _Delay_80us
  _Delay_500us
  _Delay_5500us
  _Delay_1ms
  _Delay_5ms
  _Delay_8ms
  _Delay_10ms
  _Delay_100ms
  _Delay_1sec
  _boot16_Delay_5ms
  _Delay_Cyc
  _VDelay_ms
  L__VDelay_ms21
  L__VDelay_ms22
  L__VDelay_ms23
  _VDelay_Advanced_ms
  L__VDelay_Advanced_ms24
  L__VDelay_Advanced_ms25
  L__VDelay_Advanced_ms26
  L_Lcd_Cmd0
  L_Lcd_Cmd1
  L_Lcd_Out_CP2
  L_Lcd_Out_CP3
  L_Lcd_Chr4
  L_Lcd_Chr5
  L_Lcd_Chr6
  L_Lcd_Chr7
  L_Lcd_Chr8
  L_Lcd_Chr9
  L_Lcd_Chr10
  L_Lcd_Out11
  L_Lcd_Out12
  L_Lcd_Out13
  L_Lcd_Out14
  L_Lcd_Out15
  L_Lcd_Out16
  L_Lcd_Out17
  L_Lcd_Out18
  L_Lcd_Out19
  L_end_Lcd_Cmd
  _Lcd_Cmd
  L__Lcd_Cmd21
  L__Lcd_Cmd22
  L__Lcd_Cmd23
  L__Lcd_Cmd24
  L__Lcd_Cmd25
  L__Lcd_Cmd26
  L__Lcd_Cmd27
  L__Lcd_Cmd28
  L__Lcd_Cmd29
  L__Lcd_Cmd30
  L__Lcd_Cmd31
  L__Lcd_Cmd32
  L__Lcd_Cmd33
  L__Lcd_Cmd34
  L__Lcd_Cmd35
  L__Lcd_Cmd36
  L__Lcd_Cmd37
  L__Lcd_Cmd38
  L__Lcd_Cmd39
  L__Lcd_Cmd40
  L_end_Lcd_Chr_CP
  _Lcd_Chr_CP
  L_end_Lcd_Out_CP
  _Lcd_Out_CP
  L_end_Lcd_Chr
  _Lcd_Chr
  L_end_Lcd_Init
  _Lcd_Init
  L_end_Lcd_Out
  _Lcd_Out
  L_loopCA2AWs
  L_CA2AWend
  _CCA2AW_Loop1
  L_loopCS2Ss
  L_CS2Send
  _CCS2S_Loop1
  L_CCS2Send
  L_loopFZinSWs
  L_FZinSend
  _CC2D_Loop1
  L_end_____DoICP
  _____DoICP
  L_end_____DoIFC
  _____DoIFC
  L_end___CA2AW
  ___CA2AW
  L_end___CCA2AW
  ___CCA2AW
  L_end___CS2S
  ___CS2S
  L_end___CCS2S
  ___CCS2S
  L_end___FZinS
  ___FZinS
  L_end___CC2DW
  ___CC2DW
  L_end_Swap
  _Swap
  L_UART1_Init0
  L_UART1_Init1
  L_UART1_Read2
  L_UART1_Write3
  L_UART1_Write4
  L_UART1_Write_Text5
  L_UART1_Write_Text6
  L_UART1_Read_Text7
  L_UART1_Read_Text8
  L_UART1_Read_Text9
  L_UART1_Read_Text10
  L_UART1_Read_Text11
  L_UART1_Read_Text12
  L_UART1_Read_Text13
  L_UART1_Read_Text14
  L_UART1_Read_Text15
  L_end_UART1_Init
  _UART1_Init
  L_end_UART1_Data_Ready
  _UART1_Data_Ready
  L_end_UART1_Read
  _UART1_Read
  L_end_UART1_Tx_Idle
  _UART1_Tx_Idle
  L_end_UART1_Write
  _UART1_Write
  L_end_UART1_Write_Text
  _UART1_Write_Text
  L_end_UART1_Read_Text
  _UART1_Read_Text
